2019-03-10 05:57:27.552 [main] INFO  com.i52soft.lscable.cms.App - Starting App on DESKTOP-PPOA379 with PID 89936 (started by dslee in C:\eGovFrameDev-3.6.0-64bit\workspace-lscablecms-new\LSCable CMS V2)
2019-03-10 05:57:27.560 [main] DEBUG com.i52soft.lscable.cms.App - Running with Spring Boot v1.4.4.RELEASE, Spring v4.3.6.RELEASE
2019-03-10 05:57:27.561 [main] INFO  com.i52soft.lscable.cms.App - No active profile set, falling back to default profiles: default
2019-03-10 05:57:33.233 [localhost-startStop-1] INFO  o.s.web.context.ContextLoader - Root WebApplicationContext: initialization completed in 5333 ms
2019-03-10 05:57:33.472 [localhost-startStop-1] INFO  c.i.l.cms.common.SimpleCORSFilter - SimpleCORSFilter init
2019-03-10 05:57:36.277 [main] INFO  o.s.w.s.s.s.WebSocketHandlerMapping - Mapped URL path [/realtime/**] onto handler of type [class org.springframework.web.socket.sockjs.support.SockJsHttpRequestHandler]
2019-03-10 05:57:36.385 [main] INFO  o.s.w.s.m.WebSocketAnnotationMethodMessageHandler - Mapped "{[/send/traps],messageType=[MESSAGE]}" onto public void com.i52soft.lscable.cms.controller.WebSocketController.onReceivedMesage(java.lang.String)
2019-03-10 05:57:36.555 [main] INFO  o.s.w.s.m.m.a.RequestMappingHandlerAdapter - Looking for @ControllerAdvice: org.springframework.boot.context.embedded.AnnotationConfigEmbeddedWebApplicationContext@1012b3e7: startup date [Sun Mar 10 05:57:27 KST 2019]; root of context hierarchy
2019-03-10 05:57:36.685 [main] INFO  o.s.w.s.m.m.a.RequestMappingHandlerMapping - Mapped "{[/admin/cms/catalog],methods=[GET]}" onto public java.lang.String com.i52soft.lscable.cms.controller.AdminController.catalog()
2019-03-10 05:57:36.688 [main] INFO  o.s.w.s.m.m.a.RequestMappingHandlerMapping - Mapped "{[/admin/setting/new],methods=[GET]}" onto public org.springframework.web.servlet.ModelAndView com.i52soft.lscable.cms.controller.AdminController.settingnew()
2019-03-10 05:57:36.691 [main] INFO  o.s.w.s.m.m.a.RequestMappingHandlerMapping - Mapped "{[/admin/setting/preview-layout],methods=[GET]}" onto public org.springframework.web.servlet.ModelAndView com.i52soft.lscable.cms.controller.AdminController.settingpreviewlayout(java.util.HashMap)
2019-03-10 05:57:36.693 [main] INFO  o.s.w.s.m.m.a.RequestMappingHandlerMapping - Mapped "{[/admin/cms/setting],methods=[GET]}" onto public org.springframework.web.servlet.ModelAndView com.i52soft.lscable.cms.controller.AdminController.cmssetting()
2019-03-10 05:57:36.694 [main] INFO  o.s.w.s.m.m.a.RequestMappingHandlerMapping - Mapped "{[/admin/cms/regions],methods=[GET]}" onto public org.springframework.web.servlet.ModelAndView com.i52soft.lscable.cms.controller.AdminController.cmsregions()
2019-03-10 05:57:36.695 [main] INFO  o.s.w.s.m.m.a.RequestMappingHandlerMapping - Mapped "{[/admin/cms/siteset],methods=[GET]}" onto public org.springframework.web.servlet.ModelAndView com.i52soft.lscable.cms.controller.AdminController.cmssiteset(javax.servlet.http.HttpSession)
2019-03-10 05:57:36.696 [main] INFO  o.s.w.s.m.m.a.RequestMappingHandlerMapping - Mapped "{[/admin/cms/new],methods=[GET]}" onto public org.springframework.web.servlet.ModelAndView com.i52soft.lscable.cms.controller.AdminController.cmsnew()
2019-03-10 05:57:36.696 [main] INFO  o.s.w.s.m.m.a.RequestMappingHandlerMapping - Mapped "{[/admin/cms/adminAuth],methods=[GET]}" onto public org.springframework.web.servlet.ModelAndView com.i52soft.lscable.cms.controller.AdminController.cmsadminauth()
2019-03-10 05:57:36.696 [main] INFO  o.s.w.s.m.m.a.RequestMappingHandlerMapping - Mapped "{[/admin/cms/linkage],methods=[GET]}" onto public org.springframework.web.servlet.ModelAndView com.i52soft.lscable.cms.controller.AdminController.cmslinkage(javax.servlet.http.HttpSession,int)
2019-03-10 05:57:36.698 [main] INFO  o.s.w.s.m.m.a.RequestMappingHandlerMapping - Mapped "{[/admin/ipam/setting],methods=[GET]}" onto public org.springframework.web.servlet.ModelAndView com.i52soft.lscable.cms.controller.AdminController.ipamsetting()
2019-03-10 05:57:36.699 [main] INFO  o.s.w.s.m.m.a.RequestMappingHandlerMapping - Mapped "{[/admin/cms/view],methods=[GET]}" onto public org.springframework.web.servlet.ModelAndView com.i52soft.lscable.cms.controller.AdminController.cmsview(java.util.HashMap<java.lang.String, java.lang.String>)
2019-03-10 05:57:36.699 [main] INFO  o.s.w.s.m.m.a.RequestMappingHandlerMapping - Mapped "{[/admin/ipam/user],methods=[GET]}" onto public org.springframework.web.servlet.ModelAndView com.i52soft.lscable.cms.controller.AdminController.ipamuser()
2019-03-10 05:57:36.700 [main] INFO  o.s.w.s.m.m.a.RequestMappingHandlerMapping - Mapped "{[/admin/ipam/adminNetwork],methods=[GET]}" onto public org.springframework.web.servlet.ModelAndView com.i52soft.lscable.cms.controller.AdminController.ipamNetwork()
2019-03-10 05:57:36.700 [main] INFO  o.s.w.s.m.m.a.RequestMappingHandlerMapping - Mapped "{[/admin/cms/modifySite],methods=[GET]}" onto public org.springframework.web.servlet.ModelAndView com.i52soft.lscable.cms.controller.AdminController.modifySite()
2019-03-10 05:57:36.700 [main] INFO  o.s.w.s.m.m.a.RequestMappingHandlerMapping - Mapped "{[/admin/setting2/new],methods=[GET]}" onto public org.springframework.web.servlet.ModelAndView com.i52soft.lscable.cms.controller.AdminController.settingnew2()
2019-03-10 05:57:36.700 [main] INFO  o.s.w.s.m.m.a.RequestMappingHandlerMapping - Mapped "{[/admin/cms2/setting],methods=[GET]}" onto public org.springframework.web.servlet.ModelAndView com.i52soft.lscable.cms.controller.AdminController.cmssetting2()
2019-03-10 05:57:36.701 [main] INFO  o.s.w.s.m.m.a.RequestMappingHandlerMapping - Mapped "{[/admin/cms2/siteset],methods=[GET]}" onto public org.springframework.web.servlet.ModelAndView com.i52soft.lscable.cms.controller.AdminController.cmssiteset2(javax.servlet.http.HttpSession)
2019-03-10 05:57:36.701 [main] INFO  o.s.w.s.m.m.a.RequestMappingHandlerMapping - Mapped "{[/admin/cms2/catalog],methods=[GET]}" onto public java.lang.String com.i52soft.lscable.cms.controller.AdminController.catalog2()
2019-03-10 05:57:36.701 [main] INFO  o.s.w.s.m.m.a.RequestMappingHandlerMapping - Mapped "{[/admin/ipam2/user],methods=[GET]}" onto public org.springframework.web.servlet.ModelAndView com.i52soft.lscable.cms.controller.AdminController.ipamuser2()
2019-03-10 05:57:36.702 [main] INFO  o.s.w.s.m.m.a.RequestMappingHandlerMapping - Mapped "{[/admin/cms2/new],methods=[GET]}" onto public org.springframework.web.servlet.ModelAndView com.i52soft.lscable.cms.controller.AdminController.cmsnew2()
2019-03-10 05:57:36.702 [main] INFO  o.s.w.s.m.m.a.RequestMappingHandlerMapping - Mapped "{[/admin/cms2/modifySite],methods=[GET]}" onto public org.springframework.web.servlet.ModelAndView com.i52soft.lscable.cms.controller.AdminController.modifySite2()
2019-03-10 05:57:36.702 [main] INFO  o.s.w.s.m.m.a.RequestMappingHandlerMapping - Mapped "{[/admin/cms2/linkage],methods=[GET]}" onto public org.springframework.web.servlet.ModelAndView com.i52soft.lscable.cms.controller.AdminController.cmslinkage2(javax.servlet.http.HttpSession,int)
2019-03-10 05:57:36.703 [main] INFO  o.s.w.s.m.m.a.RequestMappingHandlerMapping - Mapped "{[/admin/cms2/view],methods=[GET]}" onto public org.springframework.web.servlet.ModelAndView com.i52soft.lscable.cms.controller.AdminController.cmsview2(java.util.HashMap<java.lang.String, java.lang.String>)
2019-03-10 05:57:36.703 [main] INFO  o.s.w.s.m.m.a.RequestMappingHandlerMapping - Mapped "{[/admin/ipam2/setting],methods=[GET]}" onto public org.springframework.web.servlet.ModelAndView com.i52soft.lscable.cms.controller.AdminController.ipamsetting2()
2019-03-10 05:57:36.703 [main] INFO  o.s.w.s.m.m.a.RequestMappingHandlerMapping - Mapped "{[/admin/ipam2/adminNetwork],methods=[GET]}" onto public org.springframework.web.servlet.ModelAndView com.i52soft.lscable.cms.controller.AdminController.ipamNetwork2()
2019-03-10 05:57:36.705 [main] INFO  o.s.w.s.m.m.a.RequestMappingHandlerMapping - Mapped "{[/admin/cms2/regions],methods=[GET]}" onto public org.springframework.web.servlet.ModelAndView com.i52soft.lscable.cms.controller.AdminController.cmsregions2()
2019-03-10 05:57:36.705 [main] INFO  o.s.w.s.m.m.a.RequestMappingHandlerMapping - Mapped "{[/admin/setting/modify],methods=[GET]}" onto public org.springframework.web.servlet.ModelAndView com.i52soft.lscable.cms.controller.AdminController.settingmodify(int)
2019-03-10 05:57:36.706 [main] INFO  o.s.w.s.m.m.a.RequestMappingHandlerMapping - Mapped "{[/admin/setting/adminsysuser],methods=[GET]}" onto public org.springframework.web.servlet.ModelAndView com.i52soft.lscable.cms.controller.AdminController.settingadminsysuer()
2019-03-10 05:57:36.706 [main] INFO  o.s.w.s.m.m.a.RequestMappingHandlerMapping - Mapped "{[/admin/setting/manage-layout],methods=[GET]}" onto public java.lang.String com.i52soft.lscable.cms.controller.AdminController.settingmanagelayout(java.util.HashMap)
2019-03-10 05:57:36.706 [main] INFO  o.s.w.s.m.m.a.RequestMappingHandlerMapping - Mapped "{[/admin/setting/map-list],methods=[GET]}" onto public org.springframework.web.servlet.ModelAndView com.i52soft.lscable.cms.controller.AdminController.settingMapList()
2019-03-10 05:57:36.707 [main] INFO  o.s.w.s.m.m.a.RequestMappingHandlerMapping - Mapped "{[/admin/setting/manage-widget],methods=[GET]}" onto public org.springframework.web.servlet.ModelAndView com.i52soft.lscable.cms.controller.AdminController.settingmanagewidget(java.util.HashMap)
2019-03-10 05:57:36.707 [main] INFO  o.s.w.s.m.m.a.RequestMappingHandlerMapping - Mapped "{[/admin/cms2/manufacturer],methods=[GET]}" onto public org.springframework.web.servlet.ModelAndView com.i52soft.lscable.cms.controller.AdminController.cmsmanufacturer2()
2019-03-10 05:57:36.707 [main] INFO  o.s.w.s.m.m.a.RequestMappingHandlerMapping - Mapped "{[/admin/cms2/adminAuth],methods=[GET]}" onto public org.springframework.web.servlet.ModelAndView com.i52soft.lscable.cms.controller.AdminController.cmsadminauth2()
2019-03-10 05:57:36.707 [main] INFO  o.s.w.s.m.m.a.RequestMappingHandlerMapping - Mapped "{[/admin/setting2/adminsysuser],methods=[GET]}" onto public org.springframework.web.servlet.ModelAndView com.i52soft.lscable.cms.controller.AdminController.settingadminsysuer2()
2019-03-10 05:57:36.708 [main] INFO  o.s.w.s.m.m.a.RequestMappingHandlerMapping - Mapped "{[/admin/setting2/modify],methods=[GET]}" onto public org.springframework.web.servlet.ModelAndView com.i52soft.lscable.cms.controller.AdminController.settingmodify2(int)
2019-03-10 05:57:36.708 [main] INFO  o.s.w.s.m.m.a.RequestMappingHandlerMapping - Mapped "{[/admin/cms/manufacturer],methods=[GET]}" onto public org.springframework.web.servlet.ModelAndView com.i52soft.lscable.cms.controller.AdminController.cmsmanufacturer()
2019-03-10 05:57:36.708 [main] INFO  o.s.w.s.m.m.a.RequestMappingHandlerMapping - Mapped "{[/admin/setting2/map-list],methods=[GET]}" onto public org.springframework.web.servlet.ModelAndView com.i52soft.lscable.cms.controller.AdminController.setting2MapList()
2019-03-10 05:57:36.750 [main] INFO  o.s.w.s.m.m.a.RequestMappingHandlerMapping - Mapped "{[/error],methods=[GET]}" onto public java.lang.String com.i52soft.lscable.cms.controller.DefaultController.error()
2019-03-10 05:57:36.751 [main] INFO  o.s.w.s.m.m.a.RequestMappingHandlerMapping - Mapped "{[/frame1/event],methods=[GET]}" onto public org.springframework.web.servlet.ModelAndView com.i52soft.lscable.cms.controller.DefaultController.event()
2019-03-10 05:57:36.752 [main] INFO  o.s.w.s.m.m.a.RequestMappingHandlerMapping - Mapped "{[/mainpage],methods=[GET]}" onto public org.springframework.web.servlet.ModelAndView com.i52soft.lscable.cms.controller.DefaultController.mainpage(javax.servlet.http.HttpSession)
2019-03-10 05:57:36.752 [main] INFO  o.s.w.s.m.m.a.RequestMappingHandlerMapping - Mapped "{[/setting/preview-layout],methods=[GET]}" onto public org.springframework.web.servlet.ModelAndView com.i52soft.lscable.cms.controller.DefaultController.settingpreviewlayout(java.util.HashMap)
2019-03-10 05:57:36.752 [main] INFO  o.s.w.s.m.m.a.RequestMappingHandlerMapping - Mapped "{[/],methods=[GET]}" onto public java.lang.String com.i52soft.lscable.cms.controller.DefaultController.home()
2019-03-10 05:57:36.753 [main] INFO  o.s.w.s.m.m.a.RequestMappingHandlerMapping - Mapped "{[/ht/map-widget],methods=[GET]}" onto public java.lang.String com.i52soft.lscable.cms.controller.DefaultController.htmapwidget1()
2019-03-10 05:57:36.753 [main] INFO  o.s.w.s.m.m.a.RequestMappingHandlerMapping - Mapped "{[/ht-map-widget],methods=[GET]}" onto public java.lang.String com.i52soft.lscable.cms.controller.DefaultController.htmapwidget()
2019-03-10 05:57:36.754 [main] INFO  o.s.w.s.m.m.a.RequestMappingHandlerMapping - Mapped "{[/ht/dcim-widget],methods=[GET]}" onto public java.lang.String com.i52soft.lscable.cms.controller.DefaultController.htdcimwidget()
2019-03-10 05:57:36.754 [main] INFO  o.s.w.s.m.m.a.RequestMappingHandlerMapping - Mapped "{[/frame1/devicetable],methods=[GET]}" onto public org.springframework.web.servlet.ModelAndView com.i52soft.lscable.cms.controller.DefaultController.devicetable()
2019-03-10 05:57:36.755 [main] INFO  o.s.w.s.m.m.a.RequestMappingHandlerMapping - Mapped "{[/login],methods=[GET]}" onto public java.lang.String com.i52soft.lscable.cms.controller.DefaultController.login()
2019-03-10 05:57:36.755 [main] INFO  o.s.w.s.m.m.a.RequestMappingHandlerMapping - Mapped "{[/setting2/view],methods=[GET]}" onto public java.lang.String com.i52soft.lscable.cms.controller.DefaultController.settingview2(int,org.springframework.ui.Model)
2019-03-10 05:57:36.756 [main] INFO  o.s.w.s.m.m.a.RequestMappingHandlerMapping - Mapped "{[/setting/main],methods=[GET]}" onto public org.springframework.web.servlet.ModelAndView com.i52soft.lscable.cms.controller.DefaultController.settingmain(javax.servlet.http.HttpSession)
2019-03-10 05:57:36.757 [main] INFO  o.s.w.s.m.m.a.RequestMappingHandlerMapping - Mapped "{[/frame1/circle],methods=[GET]}" onto public java.lang.String com.i52soft.lscable.cms.controller.DefaultController.circle()
2019-03-10 05:57:36.758 [main] INFO  o.s.w.s.m.m.a.RequestMappingHandlerMapping - Mapped "{[/frame1/piechart],methods=[GET]}" onto public java.lang.String com.i52soft.lscable.cms.controller.DefaultController.piechart()
2019-03-10 05:57:36.759 [main] INFO  o.s.w.s.m.m.a.RequestMappingHandlerMapping - Mapped "{[/frame1/deviceusage],methods=[GET]}" onto public org.springframework.web.servlet.ModelAndView com.i52soft.lscable.cms.controller.DefaultController.deviceusage()
2019-03-10 05:57:36.759 [main] INFO  o.s.w.s.m.m.a.RequestMappingHandlerMapping - Mapped "{[/setting2/main],methods=[GET]}" onto public org.springframework.web.servlet.ModelAndView com.i52soft.lscable.cms.controller.DefaultController.settingmain2(javax.servlet.http.HttpSession)
2019-03-10 05:57:36.760 [main] INFO  o.s.w.s.m.m.a.RequestMappingHandlerMapping - Mapped "{[/frame1/donutchart],methods=[GET]}" onto public java.lang.String com.i52soft.lscable.cms.controller.DefaultController.donutchart()
2019-03-10 05:57:36.760 [main] INFO  o.s.w.s.m.m.a.RequestMappingHandlerMapping - Mapped "{[/frame2/widget-gauge],methods=[GET]}" onto public org.springframework.web.servlet.ModelAndView com.i52soft.lscable.cms.controller.DefaultController.widgetgauge2(java.util.HashMap)
2019-03-10 05:57:36.760 [main] INFO  o.s.w.s.m.m.a.RequestMappingHandlerMapping - Mapped "{[/frame1/chartist2],methods=[GET]}" onto public java.lang.String com.i52soft.lscable.cms.controller.DefaultController.chartist2()
2019-03-10 05:57:36.761 [main] INFO  o.s.w.s.m.m.a.RequestMappingHandlerMapping - Mapped "{[/frame2/chartist],methods=[GET]}" onto public java.lang.String com.i52soft.lscable.cms.controller.DefaultController.chartistb()
2019-03-10 05:57:36.762 [main] INFO  o.s.w.s.m.m.a.RequestMappingHandlerMapping - Mapped "{[/frame2/event],methods=[GET]}" onto public org.springframework.web.servlet.ModelAndView com.i52soft.lscable.cms.controller.DefaultController.eventb()
2019-03-10 05:57:36.763 [main] INFO  o.s.w.s.m.m.a.RequestMappingHandlerMapping - Mapped "{[/frame2/chartist2],methods=[GET]}" onto public java.lang.String com.i52soft.lscable.cms.controller.DefaultController.chartist2b()
2019-03-10 05:57:36.763 [main] INFO  o.s.w.s.m.m.a.RequestMappingHandlerMapping - Mapped "{[/frame1/widget-gauge],methods=[GET]}" onto public org.springframework.web.servlet.ModelAndView com.i52soft.lscable.cms.controller.DefaultController.widgetgauge(java.util.HashMap)
2019-03-10 05:57:36.764 [main] INFO  o.s.w.s.m.m.a.RequestMappingHandlerMapping - Mapped "{[/setting/manage-widget],methods=[GET]}" onto public java.lang.String com.i52soft.lscable.cms.controller.DefaultController.managewidget()
2019-03-10 05:57:36.764 [main] INFO  o.s.w.s.m.m.a.RequestMappingHandlerMapping - Mapped "{[/setting/view],methods=[GET]}" onto public java.lang.String com.i52soft.lscable.cms.controller.DefaultController.settingview(int,org.springframework.ui.Model)
2019-03-10 05:57:36.765 [main] INFO  o.s.w.s.m.m.a.RequestMappingHandlerMapping - Mapped "{[/frame2/donutchart],methods=[GET]}" onto public java.lang.String com.i52soft.lscable.cms.controller.DefaultController.donutchartb()
2019-03-10 05:57:36.765 [main] INFO  o.s.w.s.m.m.a.RequestMappingHandlerMapping - Mapped "{[/frame1/widget-alarm],methods=[GET]}" onto public org.springframework.web.servlet.ModelAndView com.i52soft.lscable.cms.controller.DefaultController.widgetalarm(java.util.HashMap)
2019-03-10 05:57:36.766 [main] INFO  o.s.w.s.m.m.a.RequestMappingHandlerMapping - Mapped "{[/frame2/devicetable],methods=[GET]}" onto public org.springframework.web.servlet.ModelAndView com.i52soft.lscable.cms.controller.DefaultController.devicetableb()
2019-03-10 05:57:36.766 [main] INFO  o.s.w.s.m.m.a.RequestMappingHandlerMapping - Mapped "{[/frame2/widget-alarm],methods=[GET]}" onto public org.springframework.web.servlet.ModelAndView com.i52soft.lscable.cms.controller.DefaultController.widgetalarm2(java.util.HashMap)
2019-03-10 05:57:36.767 [main] INFO  o.s.w.s.m.m.a.RequestMappingHandlerMapping - Mapped "{[/frame2/circle2],methods=[GET]}" onto public java.lang.String com.i52soft.lscable.cms.controller.DefaultController.circle2b()
2019-03-10 05:57:36.767 [main] INFO  o.s.w.s.m.m.a.RequestMappingHandlerMapping - Mapped "{[/frame1/circle2],methods=[GET]}" onto public java.lang.String com.i52soft.lscable.cms.controller.DefaultController.circle2()
2019-03-10 05:57:36.767 [main] INFO  o.s.w.s.m.m.a.RequestMappingHandlerMapping - Mapped "{[/frame1/chartist],methods=[GET]}" onto public java.lang.String com.i52soft.lscable.cms.controller.DefaultController.chartist()
2019-03-10 05:57:36.768 [main] INFO  o.s.w.s.m.m.a.RequestMappingHandlerMapping - Mapped "{[/frame2/circle],methods=[GET]}" onto public java.lang.String com.i52soft.lscable.cms.controller.DefaultController.circleb()
2019-03-10 05:57:36.768 [main] INFO  o.s.w.s.m.m.a.RequestMappingHandlerMapping - Mapped "{[/CMS404],methods=[GET]}" onto public java.lang.String com.i52soft.lscable.cms.controller.DefaultController.cms404()
2019-03-10 05:57:36.769 [main] INFO  o.s.w.s.m.m.a.RequestMappingHandlerMapping - Mapped "{[/ipam/terminalUser],methods=[GET]}" onto public org.springframework.web.servlet.ModelAndView com.i52soft.lscable.cms.controller.DefaultController.terminalUser()
2019-03-10 05:57:36.769 [main] INFO  o.s.w.s.m.m.a.RequestMappingHandlerMapping - Mapped "{[/cms/adminList],methods=[GET]}" onto public org.springframework.web.servlet.ModelAndView com.i52soft.lscable.cms.controller.DefaultController.cmsadminList()
2019-03-10 05:57:36.769 [main] INFO  o.s.w.s.m.m.a.RequestMappingHandlerMapping - Mapped "{[/ipam/terminalList],methods=[GET]}" onto public org.springframework.web.servlet.ModelAndView com.i52soft.lscable.cms.controller.DefaultController.terminalList()
2019-03-10 05:57:36.770 [main] INFO  o.s.w.s.m.m.a.RequestMappingHandlerMapping - Mapped "{[/frame2/deviceusage],methods=[GET]}" onto public org.springframework.web.servlet.ModelAndView com.i52soft.lscable.cms.controller.DefaultController.deviceusageb()
2019-03-10 05:57:36.770 [main] INFO  o.s.w.s.m.m.a.RequestMappingHandlerMapping - Mapped "{[/cms/view],methods=[GET]}" onto public org.springframework.web.servlet.ModelAndView com.i52soft.lscable.cms.controller.DefaultController.cmsuserview(java.util.HashMap<java.lang.String, java.lang.String>)
2019-03-10 05:57:36.771 [main] INFO  o.s.w.s.m.m.a.RequestMappingHandlerMapping - Mapped "{[/cms2/index],methods=[GET]}" onto public org.springframework.web.servlet.ModelAndView com.i52soft.lscable.cms.controller.DefaultController.cmsindex2(javax.servlet.http.HttpSession)
2019-03-10 05:57:36.771 [main] INFO  o.s.w.s.m.m.a.RequestMappingHandlerMapping - Mapped "{[/cms/index],methods=[GET]}" onto public org.springframework.web.servlet.ModelAndView com.i52soft.lscable.cms.controller.DefaultController.cmsindex(javax.servlet.http.HttpSession)
2019-03-10 05:57:36.771 [main] INFO  o.s.w.s.m.m.a.RequestMappingHandlerMapping - Mapped "{[/frame2/piechart],methods=[GET]}" onto public java.lang.String com.i52soft.lscable.cms.controller.DefaultController.piechartb()
2019-03-10 05:57:36.772 [main] INFO  o.s.w.s.m.m.a.RequestMappingHandlerMapping - Mapped "{[/cms2/view],methods=[GET]}" onto public org.springframework.web.servlet.ModelAndView com.i52soft.lscable.cms.controller.DefaultController.cmsuserview2(java.util.HashMap<java.lang.String, java.lang.String>)
2019-03-10 05:57:36.772 [main] INFO  o.s.w.s.m.m.a.RequestMappingHandlerMapping - Mapped "{[/cms2/siteView],methods=[GET]}" onto public org.springframework.web.servlet.ModelAndView com.i52soft.lscable.cms.controller.DefaultController.cms2SiteView(javax.servlet.http.HttpSession)
2019-03-10 05:57:36.773 [main] INFO  o.s.w.s.m.m.a.RequestMappingHandlerMapping - Mapped "{[/ipam2/index],methods=[GET]}" onto public org.springframework.web.servlet.ModelAndView com.i52soft.lscable.cms.controller.DefaultController.ipamindex2()
2019-03-10 05:57:36.773 [main] INFO  o.s.w.s.m.m.a.RequestMappingHandlerMapping - Mapped "{[/ipam/index],methods=[GET]}" onto public org.springframework.web.servlet.ModelAndView com.i52soft.lscable.cms.controller.DefaultController.ipamindex()
2019-03-10 05:57:36.773 [main] INFO  o.s.w.s.m.m.a.RequestMappingHandlerMapping - Mapped "{[/cms/siteView],methods=[GET]}" onto public org.springframework.web.servlet.ModelAndView com.i52soft.lscable.cms.controller.DefaultController.cmsSiteView(javax.servlet.http.HttpSession)
2019-03-10 05:57:36.774 [main] INFO  o.s.w.s.m.m.a.RequestMappingHandlerMapping - Mapped "{[/setting2/map-list],methods=[GET]}" onto public java.lang.String com.i52soft.lscable.cms.controller.DefaultController.settingMapList()
2019-03-10 05:57:36.774 [main] INFO  o.s.w.s.m.m.a.RequestMappingHandlerMapping - Mapped "{[/api/endUserRegistration2],methods=[GET]}" onto public org.springframework.web.servlet.ModelAndView com.i52soft.lscable.cms.controller.DefaultController.apiEndUserRegistration2(java.util.HashMap)
2019-03-10 05:57:36.775 [main] INFO  o.s.w.s.m.m.a.RequestMappingHandlerMapping - Mapped "{[/dashboard-frame1],methods=[GET]}" onto public org.springframework.web.servlet.ModelAndView com.i52soft.lscable.cms.controller.DefaultController.dashboardframe1()
2019-03-10 05:57:36.775 [main] INFO  o.s.w.s.m.m.a.RequestMappingHandlerMapping - Mapped "{[/api/endUserRegistration],methods=[GET]}" onto public org.springframework.web.servlet.ModelAndView com.i52soft.lscable.cms.controller.DefaultController.apiEndUserRegistration(javax.servlet.http.HttpServletRequest)
2019-03-10 05:57:36.775 [main] INFO  o.s.w.s.m.m.a.RequestMappingHandlerMapping - Mapped "{[/dashboard-frame2],methods=[GET]}" onto public org.springframework.web.servlet.ModelAndView com.i52soft.lscable.cms.controller.DefaultController.dashboardframe2()
2019-03-10 05:57:36.776 [main] INFO  o.s.w.s.m.m.a.RequestMappingHandlerMapping - Mapped "{[/frame1/widget-piechart],methods=[GET]}" onto public org.springframework.web.servlet.ModelAndView com.i52soft.lscable.cms.controller.DefaultController.widgetpiechart(java.util.HashMap)
2019-03-10 05:57:36.776 [main] INFO  o.s.w.s.m.m.a.RequestMappingHandlerMapping - Mapped "{[/frame1/widget-gridtable],methods=[GET]}" onto public org.springframework.web.servlet.ModelAndView com.i52soft.lscable.cms.controller.DefaultController.widgetgridtable(java.util.HashMap)
2019-03-10 05:57:36.777 [main] INFO  o.s.w.s.m.m.a.RequestMappingHandlerMapping - Mapped "{[/setting2/manage-widget],methods=[GET]}" onto public java.lang.String com.i52soft.lscable.cms.controller.DefaultController.managewidget2()
2019-03-10 05:57:36.777 [main] INFO  o.s.w.s.m.m.a.RequestMappingHandlerMapping - Mapped "{[/frame1/RecentAlarmList],methods=[GET]}" onto public java.lang.String com.i52soft.lscable.cms.controller.DefaultController.RecentAlarmList()
2019-03-10 05:57:36.777 [main] INFO  o.s.w.s.m.m.a.RequestMappingHandlerMapping - Mapped "{[/frame1/widget-minmaxavg],methods=[GET]}" onto public org.springframework.web.servlet.ModelAndView com.i52soft.lscable.cms.controller.DefaultController.widgetminmaxavg(java.util.HashMap)
2019-03-10 05:57:36.778 [main] INFO  o.s.w.s.m.m.a.RequestMappingHandlerMapping - Mapped "{[/frame2/widget-piechart],methods=[GET]}" onto public org.springframework.web.servlet.ModelAndView com.i52soft.lscable.cms.controller.DefaultController.widgetpiechart2(java.util.HashMap)
2019-03-10 05:57:36.778 [main] INFO  o.s.w.s.m.m.a.RequestMappingHandlerMapping - Mapped "{[/setting/system],methods=[GET]}" onto public java.lang.String com.i52soft.lscable.cms.controller.DefaultController.settingsystem()
2019-03-10 05:57:36.778 [main] INFO  o.s.w.s.m.m.a.RequestMappingHandlerMapping - Mapped "{[/main-widgetMap],methods=[GET]}" onto public java.lang.String com.i52soft.lscable.cms.controller.DefaultController.mainwidgetMap()
2019-03-10 05:57:36.779 [main] INFO  o.s.w.s.m.m.a.RequestMappingHandlerMapping - Mapped "{[/frame2/widget-donutchart],methods=[GET]}" onto public org.springframework.web.servlet.ModelAndView com.i52soft.lscable.cms.controller.DefaultController.widgetdonutchart2(java.util.HashMap)
2019-03-10 05:57:36.779 [main] INFO  o.s.w.s.m.m.a.RequestMappingHandlerMapping - Mapped "{[/frame2/widget-minmaxavg],methods=[GET]}" onto public org.springframework.web.servlet.ModelAndView com.i52soft.lscable.cms.controller.DefaultController.widgetminmaxavg2(java.util.HashMap)
2019-03-10 05:57:36.779 [main] INFO  o.s.w.s.m.m.a.RequestMappingHandlerMapping - Mapped "{[/frame2/widget-availability],methods=[GET]}" onto public org.springframework.web.servlet.ModelAndView com.i52soft.lscable.cms.controller.DefaultController.widgetavailability2(java.util.HashMap)
2019-03-10 05:57:36.780 [main] INFO  o.s.w.s.m.m.a.RequestMappingHandlerMapping - Mapped "{[/setting2/preview-layout],methods=[GET]}" onto public org.springframework.web.servlet.ModelAndView com.i52soft.lscable.cms.controller.DefaultController.setting2previewlayout(java.util.HashMap)
2019-03-10 05:57:36.780 [main] INFO  o.s.w.s.m.m.a.RequestMappingHandlerMapping - Mapped "{[/frame1/widget-linechart],methods=[GET]}" onto public org.springframework.web.servlet.ModelAndView com.i52soft.lscable.cms.controller.DefaultController.widgetlinechart(java.util.HashMap)
2019-03-10 05:57:36.780 [main] INFO  o.s.w.s.m.m.a.RequestMappingHandlerMapping - Mapped "{[/frame1/widget-scatter],methods=[GET]}" onto public org.springframework.web.servlet.ModelAndView com.i52soft.lscable.cms.controller.DefaultController.widgetscatter(java.util.HashMap)
2019-03-10 05:57:36.780 [main] INFO  o.s.w.s.m.m.a.RequestMappingHandlerMapping - Mapped "{[/frame1/widget-availability],methods=[GET]}" onto public org.springframework.web.servlet.ModelAndView com.i52soft.lscable.cms.controller.DefaultController.widgetavailability(java.util.HashMap)
2019-03-10 05:57:36.781 [main] INFO  o.s.w.s.m.m.a.RequestMappingHandlerMapping - Mapped "{[/frame2/widget-gridtable],methods=[GET]}" onto public org.springframework.web.servlet.ModelAndView com.i52soft.lscable.cms.controller.DefaultController.widgetgridtable2(java.util.HashMap)
2019-03-10 05:57:36.781 [main] INFO  o.s.w.s.m.m.a.RequestMappingHandlerMapping - Mapped "{[/frame1/widget-donutchart],methods=[GET]}" onto public org.springframework.web.servlet.ModelAndView com.i52soft.lscable.cms.controller.DefaultController.widgetdonutchart(java.util.HashMap)
2019-03-10 05:57:36.781 [main] INFO  o.s.w.s.m.m.a.RequestMappingHandlerMapping - Mapped "{[/setting2/system],methods=[GET]}" onto public java.lang.String com.i52soft.lscable.cms.controller.DefaultController.settingsystem2()
2019-03-10 05:57:36.782 [main] INFO  o.s.w.s.m.m.a.RequestMappingHandlerMapping - Mapped "{[/frame2/RecentAlarmList],methods=[GET]}" onto public java.lang.String com.i52soft.lscable.cms.controller.DefaultController.RecentAlarmListb()
2019-03-10 05:57:36.782 [main] INFO  o.s.w.s.m.m.a.RequestMappingHandlerMapping - Mapped "{[/cms2/adminList],methods=[GET]}" onto public org.springframework.web.servlet.ModelAndView com.i52soft.lscable.cms.controller.DefaultController.cms2adminList()
2019-03-10 05:57:36.782 [main] INFO  o.s.w.s.m.m.a.RequestMappingHandlerMapping - Mapped "{[/ht/managing-catalog],methods=[GET]}" onto public java.lang.String com.i52soft.lscable.cms.controller.DefaultController.htmanagingcatalog()
2019-03-10 05:57:36.782 [main] INFO  o.s.w.s.m.m.a.RequestMappingHandlerMapping - Mapped "{[/cms/adminSearch],methods=[GET]}" onto public org.springframework.web.servlet.ModelAndView com.i52soft.lscable.cms.controller.DefaultController.cmsadminsearch()
2019-03-10 05:57:36.783 [main] INFO  o.s.w.s.m.m.a.RequestMappingHandlerMapping - Mapped "{[/cms2/adminSearch],methods=[GET]}" onto public org.springframework.web.servlet.ModelAndView com.i52soft.lscable.cms.controller.DefaultController.cmsadminsearch2()
2019-03-10 05:57:36.783 [main] INFO  o.s.w.s.m.m.a.RequestMappingHandlerMapping - Mapped "{[/ipam2/terminalUser],methods=[GET]}" onto public org.springframework.web.servlet.ModelAndView com.i52soft.lscable.cms.controller.DefaultController.terminalUser2()
2019-03-10 05:57:36.783 [main] INFO  o.s.w.s.m.m.a.RequestMappingHandlerMapping - Mapped "{[/cms2/adminPortUsage],methods=[GET]}" onto public org.springframework.web.servlet.ModelAndView com.i52soft.lscable.cms.controller.DefaultController.cms2adminPortUsage()
2019-03-10 05:57:36.783 [main] INFO  o.s.w.s.m.m.a.RequestMappingHandlerMapping - Mapped "{[/cms/adminPortUsage],methods=[GET]}" onto public org.springframework.web.servlet.ModelAndView com.i52soft.lscable.cms.controller.DefaultController.cmsadminPortUsage()
2019-03-10 05:57:36.784 [main] INFO  o.s.w.s.m.m.a.RequestMappingHandlerMapping - Mapped "{[/ht/preview-dcim-widget],methods=[GET]}" onto public java.lang.String com.i52soft.lscable.cms.controller.DefaultController.previewhtdcimwidget()
2019-03-10 05:57:36.784 [main] INFO  o.s.w.s.m.m.a.RequestMappingHandlerMapping - Mapped "{[/frame2/widget-scatter],methods=[GET]}" onto public org.springframework.web.servlet.ModelAndView com.i52soft.lscable.cms.controller.DefaultController.widgetscatter2(java.util.HashMap)
2019-03-10 05:57:36.784 [main] INFO  o.s.w.s.m.m.a.RequestMappingHandlerMapping - Mapped "{[/ht/building-patch-panel],methods=[GET]}" onto public java.lang.String com.i52soft.lscable.cms.controller.DefaultController.htbuildingpatchpanel()
2019-03-10 05:57:36.784 [main] INFO  o.s.w.s.m.m.a.RequestMappingHandlerMapping - Mapped "{[/ipam2/terminalList],methods=[GET]}" onto public org.springframework.web.servlet.ModelAndView com.i52soft.lscable.cms.controller.DefaultController.terminalList2()
2019-03-10 05:57:36.785 [main] INFO  o.s.w.s.m.m.a.RequestMappingHandlerMapping - Mapped "{[/frame2/widget-linechart],methods=[GET]}" onto public org.springframework.web.servlet.ModelAndView com.i52soft.lscable.cms.controller.DefaultController.widgetlinechart2(java.util.HashMap)
2019-03-10 05:57:36.785 [main] INFO  o.s.w.s.m.m.a.RequestMappingHandlerMapping - Mapped "{[/ht/viewing-layout],methods=[GET]}" onto public java.lang.String com.i52soft.lscable.cms.controller.DefaultController.htviewinglayout()
2019-03-10 05:57:36.787 [main] INFO  o.s.w.s.m.m.a.RequestMappingHandlerMapping - Mapped "{[/ht/viewing-site-floor-map],methods=[GET]}" onto public java.lang.String com.i52soft.lscable.cms.controller.DefaultController.viewingsitefloormap()
2019-03-10 05:57:36.787 [main] INFO  o.s.w.s.m.m.a.RequestMappingHandlerMapping - Mapped "{[/ht/viewing-site-tree],methods=[GET]}" onto public java.lang.String com.i52soft.lscable.cms.controller.DefaultController.viewingsitetree()
2019-03-10 05:57:36.788 [main] INFO  o.s.w.s.m.m.a.RequestMappingHandlerMapping - Mapped "{[/ht/PP_CSV_Validator],methods=[GET]}" onto public java.lang.String com.i52soft.lscable.cms.controller.DefaultController.ppcsvvalidator()
2019-03-10 05:57:36.788 [main] INFO  o.s.w.s.m.m.a.RequestMappingHandlerMapping - Mapped "{[/ht/viewing-map-widget],methods=[GET]}" onto public java.lang.String com.i52soft.lscable.cms.controller.DefaultController.htviewingmapwidget()
2019-03-10 05:57:36.789 [main] INFO  o.s.w.s.m.m.a.RequestMappingHandlerMapping - Mapped "{[/ht/building-layout],methods=[GET]}" onto public java.lang.String com.i52soft.lscable.cms.controller.DefaultController.htbuildinglayout()
2019-03-10 05:57:36.789 [main] INFO  o.s.w.s.m.m.a.RequestMappingHandlerMapping - Mapped "{[/ht/building-site-tree],methods=[GET]}" onto public java.lang.String com.i52soft.lscable.cms.controller.DefaultController.htbuildingsitetree()
2019-03-10 05:57:36.789 [main] INFO  o.s.w.s.m.m.a.RequestMappingHandlerMapping - Mapped "{[/ht/preview-map-widget],methods=[GET]}" onto public java.lang.String com.i52soft.lscable.cms.controller.DefaultController.htpreviewmapwidget()
2019-03-10 05:57:36.829 [main] INFO  o.s.w.s.m.m.a.RequestMappingHandlerMapping - Mapped "{[/api/htbackend/getTimeZone],methods=[GET]}" onto public java.lang.String com.i52soft.lscable.cms.controller.HTBackendRestController.getTimeZone(javax.servlet.http.HttpSession)
2019-03-10 05:57:36.830 [main] INFO  o.s.w.s.m.m.a.RequestMappingHandlerMapping - Mapped "{[/api/htbackend/getAvailableLayoutForBuildingLayout],methods=[GET]}" onto public java.util.List<java.lang.String> com.i52soft.lscable.cms.controller.HTBackendRestController.getAvailableLayoutForBuildingLayout()
2019-03-10 05:57:36.831 [main] INFO  o.s.w.s.m.m.a.RequestMappingHandlerMapping - Mapped "{[/api/htbackend/getAvailableWidgetForBuildingLayout],methods=[GET]}" onto public java.util.List<com.i52soft.lscable.cms.domain.SampleWidgetVO> com.i52soft.lscable.cms.controller.HTBackendRestController.getAvailableWidgetForBuildingLayout()
2019-03-10 05:57:36.832 [main] INFO  o.s.w.s.m.m.a.RequestMappingHandlerMapping - Mapped "{[/api/htbackend/getAvailableWidgetForLayoutSize/{layoutsize}],methods=[GET]}" onto public java.util.List<java.util.HashMap> com.i52soft.lscable.cms.controller.HTBackendRestController.getAvailableWidgetForLayoutSize(java.lang.String)
2019-03-10 05:57:36.832 [main] INFO  o.s.w.s.m.m.a.RequestMappingHandlerMapping - Mapped "{[/api/htbackend/insertWidgetForBuildingLayout],methods=[POST]}" onto public com.i52soft.lscable.cms.domain.SampleWidgetVO2 com.i52soft.lscable.cms.controller.HTBackendRestController.insertWidgetForBuildingLayout(com.i52soft.lscable.cms.domain.SampleWidgetVO2)
2019-03-10 05:57:36.833 [main] INFO  o.s.w.s.m.m.a.RequestMappingHandlerMapping - Mapped "{[/api/htbackend/getAvailableLayoutForBuildingLayout2],methods=[GET]}" onto public java.util.List<java.util.HashMap> com.i52soft.lscable.cms.controller.HTBackendRestController.getAvailableLayoutForBuildingLayout2()
2019-03-10 05:57:36.833 [main] INFO  o.s.w.s.m.m.a.RequestMappingHandlerMapping - Mapped "{[/api/htbackend/deleteWidgetForBuildingLayout/{id}],methods=[GET]}" onto public int com.i52soft.lscable.cms.controller.HTBackendRestController.deleteWidgetForBuildingLayout(int)
2019-03-10 05:57:36.833 [main] INFO  o.s.w.s.m.m.a.RequestMappingHandlerMapping - Mapped "{[/api/htbackend/saveLinkageConnectionDetailOld],methods=[POST]}" onto public com.i52soft.lscable.cms.domain.LinkageConnectionVO com.i52soft.lscable.cms.controller.HTBackendRestController.saveLinkageConnectionDetailOld(com.i52soft.lscable.cms.domain.LinkageConnectionVO)
2019-03-10 05:57:36.833 [main] INFO  o.s.w.s.m.m.a.RequestMappingHandlerMapping - Mapped "{[/api/htbackend/getLinkageConnectionModelDataOld/{nodeid}],methods=[GET]}" onto public java.util.List<java.util.HashMap> com.i52soft.lscable.cms.controller.HTBackendRestController.getLinkageConnectionModelDataOld(int)
2019-03-10 05:57:36.834 [main] INFO  o.s.w.s.m.m.a.RequestMappingHandlerMapping - Mapped "{[/api/htbackend/getLinkageConnectionModelData/{nodeid}],methods=[GET]}" onto public java.util.HashMap<java.lang.String, java.lang.Object> com.i52soft.lscable.cms.controller.HTBackendRestController.getLinkageConnectionModelData(int)
2019-03-10 05:57:36.834 [main] INFO  o.s.w.s.m.m.a.RequestMappingHandlerMapping - Mapped "{[/api/htbackend/getMainpageWidgetTypeIDByName/{typename}],methods=[GET]}" onto public java.lang.Integer com.i52soft.lscable.cms.controller.HTBackendRestController.getMainpageWidgetTypeIDByName(java.lang.String)
2019-03-10 05:57:36.834 [main] INFO  o.s.w.s.m.m.a.RequestMappingHandlerMapping - Mapped "{[/api/htbackend/getCIList],methods=[GET]}" onto public java.util.List<java.util.HashMap> com.i52soft.lscable.cms.controller.HTBackendRestController.getCIList()
2019-03-10 05:57:36.835 [main] INFO  o.s.w.s.m.m.a.RequestMappingHandlerMapping - Mapped "{[/api/htbackend/getRackType],methods=[GET]}" onto public java.util.List<java.util.HashMap> com.i52soft.lscable.cms.controller.HTBackendRestController.getRackType()
2019-03-10 05:57:36.835 [main] INFO  o.s.w.s.m.m.a.RequestMappingHandlerMapping - Mapped "{[/api/htbackend/getEndUser],methods=[GET]}" onto public java.util.List<java.util.HashMap> com.i52soft.lscable.cms.controller.HTBackendRestController.getEndUser()
2019-03-10 05:57:36.835 [main] INFO  o.s.w.s.m.m.a.RequestMappingHandlerMapping - Mapped "{[/api/htbackend/addRegion],methods=[POST]}" onto public com.i52soft.lscable.cms.domain.RegionVO com.i52soft.lscable.cms.controller.HTBackendRestController.addRegion(com.i52soft.lscable.cms.domain.RegionVO)
2019-03-10 05:57:36.836 [main] INFO  o.s.w.s.m.m.a.RequestMappingHandlerMapping - Mapped "{[/api/htbackend/deleteRegion/{id}],methods=[GET]}" onto public java.lang.String com.i52soft.lscable.cms.controller.HTBackendRestController.deleteRegion(int)
2019-03-10 05:57:36.836 [main] INFO  o.s.w.s.m.m.a.RequestMappingHandlerMapping - Mapped "{[/api/htbackend/getSubRegion/{parent_region} || /api/htbackend/getSubRegion/ || /api/htbackend/getSubRegion],methods=[GET]}" onto public java.util.List<java.util.HashMap> com.i52soft.lscable.cms.controller.HTBackendRestController.getSubRegion(java.lang.Integer)
2019-03-10 05:57:36.836 [main] INFO  o.s.w.s.m.m.a.RequestMappingHandlerMapping - Mapped "{[/api/htbackend/removeSite/{siteid}],methods=[GET]}" onto public int com.i52soft.lscable.cms.controller.HTBackendRestController.removeSite(int)
2019-03-10 05:57:36.837 [main] INFO  o.s.w.s.m.m.a.RequestMappingHandlerMapping - Mapped "{[/api/htbackend/updateRegion],methods=[POST]}" onto public com.i52soft.lscable.cms.domain.RegionVO com.i52soft.lscable.cms.controller.HTBackendRestController.updateRegion(com.i52soft.lscable.cms.domain.RegionVO)
2019-03-10 05:57:36.837 [main] INFO  o.s.w.s.m.m.a.RequestMappingHandlerMapping - Mapped "{[/api/htbackend/removeNode/{nodeid}],methods=[GET]}" onto public int com.i52soft.lscable.cms.controller.HTBackendRestController.removeNode(int)
2019-03-10 05:57:36.837 [main] INFO  o.s.w.s.m.m.a.RequestMappingHandlerMapping - Mapped "{[/api/htbackend/getL2Switch],methods=[GET]}" onto public java.util.List<java.util.HashMap> com.i52soft.lscable.cms.controller.HTBackendRestController.getL2Switch(java.lang.String)
2019-03-10 05:57:36.837 [main] INFO  o.s.w.s.m.m.a.RequestMappingHandlerMapping - Mapped "{[/api/htbackend/getIPAddress],methods=[GET]}" onto public java.util.List<java.util.HashMap> com.i52soft.lscable.cms.controller.HTBackendRestController.getIPAddress()
2019-03-10 05:57:36.838 [main] INFO  o.s.w.s.m.m.a.RequestMappingHandlerMapping - Mapped "{[/api/htbackend/getCableIcon],methods=[GET]}" onto public java.util.List<java.util.HashMap> com.i52soft.lscable.cms.controller.HTBackendRestController.getCableIcon()
2019-03-10 05:57:36.838 [main] INFO  o.s.w.s.m.m.a.RequestMappingHandlerMapping - Mapped "{[/api/htbackend/getAuthList2],methods=[GET]}" onto public java.util.List<java.util.HashMap> com.i52soft.lscable.cms.controller.HTBackendRestController.getAuthList2(java.lang.Integer)
2019-03-10 05:57:36.838 [main] INFO  o.s.w.s.m.m.a.RequestMappingHandlerMapping - Mapped "{[/api/htbackend/getAuthList],methods=[GET]}" onto public java.util.List<java.util.HashMap> com.i52soft.lscable.cms.controller.HTBackendRestController.getAuthList(java.lang.Integer)
2019-03-10 05:57:36.839 [main] INFO  o.s.w.s.m.m.a.RequestMappingHandlerMapping - Mapped "{[/api/htbackend/scanNetwork/{networkid}],methods=[GET]}" onto public java.lang.String com.i52soft.lscable.cms.controller.HTBackendRestController.scanNetwork(int)
2019-03-10 05:57:36.839 [main] INFO  o.s.w.s.m.m.a.RequestMappingHandlerMapping - Mapped "{[/api/htbackend/getL3Gateway],methods=[GET]}" onto public java.util.List<java.util.HashMap> com.i52soft.lscable.cms.controller.HTBackendRestController.getL3Gateway(java.lang.String)
2019-03-10 05:57:36.840 [main] INFO  o.s.w.s.m.m.a.RequestMappingHandlerMapping - Mapped "{[/api/htbackend/getSiteList],methods=[GET]}" onto public java.util.List<java.util.HashMap> com.i52soft.lscable.cms.controller.HTBackendRestController.getCMSList(javax.servlet.http.HttpSession,java.util.HashMap<java.lang.String, java.lang.Object>)
2019-03-10 05:57:36.840 [main] INFO  o.s.w.s.m.m.a.RequestMappingHandlerMapping - Mapped "{[/api/htbackend/getCMSFSubList],methods=[GET]}" onto public java.util.List<java.util.HashMap> com.i52soft.lscable.cms.controller.HTBackendRestController.getFloorList(javax.servlet.http.HttpSession,java.util.HashMap<java.lang.String, java.lang.Object>)
2019-03-10 05:57:36.840 [main] INFO  o.s.w.s.m.m.a.RequestMappingHandlerMapping - Mapped "{[/api/htbackend/getNetwork],methods=[GET]}" onto public java.util.List<java.util.HashMap> com.i52soft.lscable.cms.controller.HTBackendRestController.getNetwork()
2019-03-10 05:57:36.841 [main] INFO  o.s.w.s.m.m.a.RequestMappingHandlerMapping - Mapped "{[/api/htbackend/getAllRegion],methods=[GET]}" onto public java.util.List<java.util.HashMap> com.i52soft.lscable.cms.controller.HTBackendRestController.getAllRegion()
2019-03-10 05:57:36.841 [main] INFO  o.s.w.s.m.m.a.RequestMappingHandlerMapping - Mapped "{[/htbackend/getCMSSite],methods=[GET]}" onto public java.util.List<java.util.HashMap> com.i52soft.lscable.cms.controller.HTBackendRestController.getCMSSite(javax.servlet.http.HttpSession)
2019-03-10 05:57:36.841 [main] INFO  o.s.w.s.m.m.a.RequestMappingHandlerMapping - Mapped "{[/api/htbackend/getSystemUser],methods=[GET]}" onto public java.util.List<java.util.HashMap> com.i52soft.lscable.cms.controller.HTBackendRestController.getSystemUser()
2019-03-10 05:57:36.842 [main] INFO  o.s.w.s.m.m.a.RequestMappingHandlerMapping - Mapped "{[/api/htbackend/getMainPageLayoutDetail/{mainpageid}],methods=[GET]}" onto public java.lang.String com.i52soft.lscable.cms.controller.HTBackendRestController.getMainPageLayoutDetail(int)
2019-03-10 05:57:36.842 [main] INFO  o.s.w.s.m.m.a.RequestMappingHandlerMapping - Mapped "{[/api/htbackend/getManufacturer],methods=[GET]}" onto public java.util.List<java.util.HashMap> com.i52soft.lscable.cms.controller.HTBackendRestController.getManufacturer()
2019-03-10 05:57:36.842 [main] INFO  o.s.w.s.m.m.a.RequestMappingHandlerMapping - Mapped "{[/api/htbackend/getOPMUrlBase],methods=[GET]}" onto public java.lang.String com.i52soft.lscable.cms.controller.HTBackendRestController.getOPMUrlBase(javax.servlet.http.HttpSession)
2019-03-10 05:57:36.842 [main] INFO  o.s.w.s.m.m.a.RequestMappingHandlerMapping - Mapped "{[/api/htbackend/getOPMPortBase],methods=[GET]}" onto public java.lang.String com.i52soft.lscable.cms.controller.HTBackendRestController.getOPMPortBase(javax.servlet.http.HttpSession)
2019-03-10 05:57:36.843 [main] INFO  o.s.w.s.m.m.a.RequestMappingHandlerMapping - Mapped "{[/api/htbackend/getOPMDeviceList/{category} || /api/htbackend/getOPMDeviceList/ || /api/htbackend/getOPMDeviceList],methods=[GET]}" onto public java.lang.String com.i52soft.lscable.cms.controller.HTBackendRestController.getOPMDeviceList(javax.servlet.http.HttpSession,java.lang.String)
2019-03-10 05:57:36.843 [main] INFO  o.s.w.s.m.m.a.RequestMappingHandlerMapping - Mapped "{[/api/htbackend/getWidgetTypeForMainPage],methods=[GET]}" onto public java.util.List<java.util.HashMap> com.i52soft.lscable.cms.controller.HTBackendRestController.getWidgetTypeForMainPage()
2019-03-10 05:57:36.843 [main] INFO  o.s.w.s.m.m.a.RequestMappingHandlerMapping - Mapped "{[/api/htbackend/searchRackListForDCIMWidget || /api/htbackend/searchRackListForDCIMWidget/],methods=[GET]}" onto public java.util.List<java.util.HashMap> com.i52soft.lscable.cms.controller.HTBackendRestController.searchRackListForDCIMWidget(javax.servlet.http.HttpSession,java.util.HashMap<java.lang.String, java.lang.Object>)
2019-03-10 05:57:36.844 [main] INFO  o.s.w.s.m.m.a.RequestMappingHandlerMapping - Mapped "{[/api/htbackend/searchDeviceListForFloor/{category} || /api/htbackend/searchDeviceListForFloor/ || /api/htbackend/searchDeviceListForFloor],methods=[GET]}" onto public java.lang.String com.i52soft.lscable.cms.controller.HTBackendRestController.searchDeviceListForFloor(javax.servlet.http.HttpSession,java.lang.String,java.lang.String)
2019-03-10 05:57:36.844 [main] INFO  o.s.w.s.m.m.a.RequestMappingHandlerMapping - Mapped "{[/api/htbackend/getAllWidgetTypeForSize/{layoutsize}],methods=[GET]}" onto public java.util.List<java.util.HashMap> com.i52soft.lscable.cms.controller.HTBackendRestController.getAllWidgetTypeForSize(java.lang.String)
2019-03-10 05:57:36.845 [main] INFO  o.s.w.s.m.m.a.RequestMappingHandlerMapping - Mapped "{[/api/htbackend/deleteMapWidget/{id}],methods=[GET]}" onto public int com.i52soft.lscable.cms.controller.HTBackendRestController.deleteMapWidget(int)
2019-03-10 05:57:36.845 [main] INFO  o.s.w.s.m.m.a.RequestMappingHandlerMapping - Mapped "{[/api/htbackend/saveMapWidget/{id} || /api/htbackend/saveMapWidget/ || /api/htbackend/saveMapWidget],methods=[POST]}" onto public com.i52soft.lscable.cms.domain.MapWidgetVO com.i52soft.lscable.cms.controller.HTBackendRestController.saveMapWidget(java.lang.Integer,com.i52soft.lscable.cms.domain.MapWidgetVO)
2019-03-10 05:57:36.845 [main] INFO  o.s.w.s.m.m.a.RequestMappingHandlerMapping - Mapped "{[/api/htbackend/saveMapWidgetOnly/{id} || /api/htbackend/saveMapWidgetOnly/ || /api/htbackend/saveMapWidgetOnly],methods=[POST]}" onto public com.i52soft.lscable.cms.domain.MapWidgetVO com.i52soft.lscable.cms.controller.HTBackendRestController.saveMapWidgetOnly(java.lang.Integer,com.i52soft.lscable.cms.domain.MapWidgetVO)
2019-03-10 05:57:36.846 [main] INFO  o.s.w.s.m.m.a.RequestMappingHandlerMapping - Mapped "{[/api/htbackend/getOPMDeviceType],methods=[GET]}" onto public java.lang.String com.i52soft.lscable.cms.controller.HTBackendRestController.getOPMDeviceType(javax.servlet.http.HttpSession)
2019-03-10 05:57:36.846 [main] INFO  o.s.w.s.m.m.a.RequestMappingHandlerMapping - Mapped "{[/api/htbackend/searchDeviceListForMapWidget/{category} || /api/htbackend/searchDeviceListForMapWidget/ || /api/htbackend/searchDeviceListForMapWidget],methods=[GET]}" onto public java.lang.String com.i52soft.lscable.cms.controller.HTBackendRestController.searchDeviceListForMapWidget(javax.servlet.http.HttpSession,java.lang.String,java.lang.String)
2019-03-10 05:57:36.846 [main] INFO  o.s.w.s.m.m.a.RequestMappingHandlerMapping - Mapped "{[/api/htbackend/saveDCIMWidget/{id} || /api/htbackend/saveDCIMWidget/ || /api/htbackend/saveDCIMWidget],methods=[POST]}" onto public com.i52soft.lscable.cms.domain.MapWidgetVO com.i52soft.lscable.cms.controller.HTBackendRestController.saveDCIMWidget(java.lang.Integer,com.i52soft.lscable.cms.domain.MapWidgetVO)
2019-03-10 05:57:36.847 [main] INFO  o.s.w.s.m.m.a.RequestMappingHandlerMapping - Mapped "{[/api/htbackend/getAlarmStatusOfMapWidget/{id} || /api/htbackend/getAlarmStatusOfMapWidget/ || /api/htbackend/getAlarmStatusOfMapWidget],methods=[GET]}" onto public java.util.List<java.util.HashMap> com.i52soft.lscable.cms.controller.HTBackendRestController.getAlarmStatusOfMapWidget(java.lang.Integer)
2019-03-10 05:57:36.847 [main] INFO  o.s.w.s.m.m.a.RequestMappingHandlerMapping - Mapped "{[/api/htbackend/updateProduct/{productid}],methods=[POST]}" onto public com.i52soft.lscable.cms.domain.ProductVO com.i52soft.lscable.cms.controller.HTBackendRestController.updateProduct(int,com.i52soft.lscable.cms.domain.ProductVO)
2019-03-10 05:57:36.847 [main] INFO  o.s.w.s.m.m.a.RequestMappingHandlerMapping - Mapped "{[/api/htbackend/updateMainPageLayout/{id}],methods=[POST]}" onto public com.i52soft.lscable.cms.domain.MainPageLayoutVO com.i52soft.lscable.cms.controller.HTBackendRestController.updateMainPageLayout(int,com.i52soft.lscable.cms.domain.MainPageLayoutVO)
2019-03-10 05:57:36.847 [main] INFO  o.s.w.s.m.m.a.RequestMappingHandlerMapping - Mapped "{[/api/htbackend/updateSystemUser/{systemuserid}],methods=[POST]}" onto public com.i52soft.lscable.cms.domain.SystemUserVO com.i52soft.lscable.cms.controller.HTBackendRestController.updateSystemUser(int,com.i52soft.lscable.cms.domain.SystemUserVO)
2019-03-10 05:57:36.848 [main] INFO  o.s.w.s.m.m.a.RequestMappingHandlerMapping - Mapped "{[/api/htbackend/changeSystemUserPassword],methods=[POST]}" onto public java.lang.String com.i52soft.lscable.cms.controller.HTBackendRestController.changeSystemUserPassword(javax.servlet.http.HttpSession,com.i52soft.lscable.cms.domain.SystemUserVO)
2019-03-10 05:57:36.848 [main] INFO  o.s.w.s.m.m.a.RequestMappingHandlerMapping - Mapped "{[/api/htbackend/deleteSystemUser/{systemuserid}],methods=[GET]}" onto public java.lang.String com.i52soft.lscable.cms.controller.HTBackendRestController.deleteSystemUser(javax.servlet.http.HttpSession,int)
2019-03-10 05:57:36.848 [main] INFO  o.s.w.s.m.m.a.RequestMappingHandlerMapping - Mapped "{[/api/htbackend/saveProductTree],methods=[POST]}" onto public void com.i52soft.lscable.cms.controller.HTBackendRestController.saveProductTree(java.lang.String)
2019-03-10 05:57:36.848 [main] INFO  o.s.w.s.m.m.a.RequestMappingHandlerMapping - Mapped "{[/api/htbackend/registerSystemUser],methods=[POST]}" onto public java.lang.String com.i52soft.lscable.cms.controller.HTBackendRestController.registerSystemUser(javax.servlet.http.HttpSession,com.i52soft.lscable.cms.domain.SystemUserVO)
2019-03-10 05:57:36.849 [main] INFO  o.s.w.s.m.m.a.RequestMappingHandlerMapping - Mapped "{[/htbackend/deleteMainPageLayout/{id}],methods=[GET]}" onto public int com.i52soft.lscable.cms.controller.HTBackendRestController.deleteMainPageLayout(javax.servlet.http.HttpSession,int)
2019-03-10 05:57:36.849 [main] INFO  o.s.w.s.m.m.a.RequestMappingHandlerMapping - Mapped "{[/api/htbackend/getSiteTreeModelData/{siteid}],methods=[GET]}" onto public java.util.List<java.util.HashMap> com.i52soft.lscable.cms.controller.HTBackendRestController.getSiteTreeModelData(int)
2019-03-10 05:57:36.849 [main] INFO  o.s.w.s.m.m.a.RequestMappingHandlerMapping - Mapped "{[/api/htbackend/getAvailableNodeTypeAsChild/{nodetype} || /api/htbackend/getAvailableNodeTypeAsChild/ || /api/htbackend/getAvailableNodeTypeAsChild],methods=[GET]}" onto public java.util.List<java.util.HashMap> com.i52soft.lscable.cms.controller.HTBackendRestController.getAvailableNodeTypeAsChild(java.lang.Integer)
2019-03-10 05:57:36.850 [main] INFO  o.s.w.s.m.m.a.RequestMappingHandlerMapping - Mapped "{[/api/htbackend/updateEndUser/{enduserid}],methods=[POST]}" onto public com.i52soft.lscable.cms.domain.EndUserVO com.i52soft.lscable.cms.controller.HTBackendRestController.updateEndUser(int,com.i52soft.lscable.cms.domain.EndUserVO)
2019-03-10 05:57:36.850 [main] INFO  o.s.w.s.m.m.a.RequestMappingHandlerMapping - Mapped "{[/api/htbackend/getMapWidgetModelData/{id}],methods=[GET]}" onto public java.util.List<java.util.HashMap> com.i52soft.lscable.cms.controller.HTBackendRestController.getMapWidgetModelData(int)
2019-03-10 05:57:36.850 [main] INFO  o.s.w.s.m.m.a.RequestMappingHandlerMapping - Mapped "{[/api/htbackend/getProductType],methods=[GET]}" onto public java.util.List<java.util.HashMap> com.i52soft.lscable.cms.controller.HTBackendRestController.getProductType()
2019-03-10 05:57:36.851 [main] INFO  o.s.w.s.m.m.a.RequestMappingHandlerMapping - Mapped "{[/api/htbackend/getDCIMWidgetModelData/{id}],methods=[GET]}" onto public java.util.List<java.util.HashMap> com.i52soft.lscable.cms.controller.HTBackendRestController.getDCIMWidgetModelData(int)
2019-03-10 05:57:36.851 [main] INFO  o.s.w.s.m.m.a.RequestMappingHandlerMapping - Mapped "{[/api/htbackend/getImagesForProduct/{id}],methods=[GET]}" onto public java.util.List<java.util.HashMap> com.i52soft.lscable.cms.controller.HTBackendRestController.getImagesForProduct(int)
2019-03-10 05:57:36.851 [main] INFO  o.s.w.s.m.m.a.RequestMappingHandlerMapping - Mapped "{[/api/htbackend/getProductTree],methods=[GET]}" onto public java.lang.String com.i52soft.lscable.cms.controller.HTBackendRestController.getProductTree()
2019-03-10 05:57:36.852 [main] INFO  o.s.w.s.m.m.a.RequestMappingHandlerMapping - Mapped "{[/api/htbackend/registerBulkEndUser],methods=[POST]}" onto public java.util.List<com.i52soft.lscable.cms.domain.EndUserVO> com.i52soft.lscable.cms.controller.HTBackendRestController.registerBulkEndUser(java.util.List<com.i52soft.lscable.cms.domain.EndUserVO>)
2019-03-10 05:57:36.852 [main] INFO  o.s.w.s.m.m.a.RequestMappingHandlerMapping - Mapped "{[/api/htbackend/registerEndUser],methods=[POST]}" onto public com.i52soft.lscable.cms.domain.EndUserVO com.i52soft.lscable.cms.controller.HTBackendRestController.registerEndUser(com.i52soft.lscable.cms.domain.EndUserVO)
2019-03-10 05:57:36.852 [main] INFO  o.s.w.s.m.m.a.RequestMappingHandlerMapping - Mapped "{[/api/htbackend/deleteAllEndUser],methods=[GET]}" onto public int com.i52soft.lscable.cms.controller.HTBackendRestController.deleteAllEndUser()
2019-03-10 05:57:36.853 [main] INFO  o.s.w.s.m.m.a.RequestMappingHandlerMapping - Mapped "{[/api/htbackend/deleteProduct/{productid}],methods=[GET]}" onto public int com.i52soft.lscable.cms.controller.HTBackendRestController.deleteProduct(int)
2019-03-10 05:57:36.853 [main] INFO  o.s.w.s.m.m.a.RequestMappingHandlerMapping - Mapped "{[/api/htbackend/updateMainPageLayout2/{id}],methods=[POST]}" onto public com.i52soft.lscable.cms.domain.MainPageLayoutVO com.i52soft.lscable.cms.controller.HTBackendRestController.updateMainPageLayout2(int,com.i52soft.lscable.cms.domain.MainPageLayoutVO)
2019-03-10 05:57:36.853 [main] INFO  o.s.w.s.m.m.a.RequestMappingHandlerMapping - Mapped "{[/api/htbackend/registerProduct],methods=[POST]}" onto public com.i52soft.lscable.cms.domain.ProductVO com.i52soft.lscable.cms.controller.HTBackendRestController.registerProduct(com.i52soft.lscable.cms.domain.ProductVO)
2019-03-10 05:57:36.853 [main] INFO  o.s.w.s.m.m.a.RequestMappingHandlerMapping - Mapped "{[/api/htbackend/deleteEndUser/{enduserid}],methods=[GET]}" onto public int com.i52soft.lscable.cms.controller.HTBackendRestController.deleteEndUser(int)
2019-03-10 05:57:36.854 [main] INFO  o.s.w.s.m.m.a.RequestMappingHandlerMapping - Mapped "{[/api/htbackend/getSystemGroup],methods=[GET]}" onto public java.util.List<java.util.HashMap> com.i52soft.lscable.cms.controller.HTBackendRestController.getSystemGroup()
2019-03-10 05:57:36.854 [main] INFO  o.s.w.s.m.m.a.RequestMappingHandlerMapping - Mapped "{[/api/htbackend/getAvailableNodeTypeAllInOne],methods=[GET]}" onto public java.util.List<java.util.HashMap> com.i52soft.lscable.cms.controller.HTBackendRestController.getAvailableNodeTypeAllInOne()
2019-03-10 05:57:36.854 [main] INFO  o.s.w.s.m.m.a.RequestMappingHandlerMapping - Mapped "{[/api/htbackend/getProductByType/{type}],methods=[GET]}" onto public java.util.List<java.util.HashMap> com.i52soft.lscable.cms.controller.HTBackendRestController.getProductByType(int)
2019-03-10 05:57:36.855 [main] INFO  o.s.w.s.m.m.a.RequestMappingHandlerMapping - Mapped "{[/htbackend/createMainPageLayout],methods=[POST]}" onto public com.i52soft.lscable.cms.domain.MainPageLayoutVO com.i52soft.lscable.cms.controller.HTBackendRestController.createMainPageLayout(javax.servlet.http.HttpSession,com.i52soft.lscable.cms.domain.MainPageLayoutVO)
2019-03-10 05:57:36.855 [main] INFO  o.s.w.s.m.m.a.RequestMappingHandlerMapping - Mapped "{[/api/htbackend/checkDuplicateName],methods=[GET]}" onto public java.util.List<java.util.HashMap> com.i52soft.lscable.cms.controller.HTBackendRestController.checkDuplicateName(int,java.lang.String)
2019-03-10 05:57:36.855 [main] INFO  o.s.w.s.m.m.a.RequestMappingHandlerMapping - Mapped "{[/api/htbackend/registerCMSSiteRoot],methods=[POST]}" onto public com.i52soft.lscable.cms.domain.SiteTreeNodeVO com.i52soft.lscable.cms.controller.HTBackendRestController.registerCMSSiteRoot(com.i52soft.lscable.cms.domain.SiteTreeNodeVO)
2019-03-10 05:57:36.856 [main] INFO  o.s.w.s.m.m.a.RequestMappingHandlerMapping - Mapped "{[/api/htbackend/createCMSSite],methods=[POST]}" onto public com.i52soft.lscable.cms.domain.CMSSiteVO com.i52soft.lscable.cms.controller.HTBackendRestController.registerCMSSite(com.i52soft.lscable.cms.domain.CMSSiteVO)
2019-03-10 05:57:36.856 [main] INFO  o.s.w.s.m.m.a.RequestMappingHandlerMapping - Mapped "{[/api/htbackend/getProductInfo/{type}],methods=[GET]}" onto public java.util.List<java.util.HashMap> com.i52soft.lscable.cms.controller.HTBackendRestController.getProductInfo(int)
2019-03-10 05:57:36.857 [main] INFO  o.s.w.s.m.m.a.RequestMappingHandlerMapping - Mapped "{[/api/htbackend/getProductInfoByTypeName/{type}],methods=[GET]}" onto public java.util.List<java.util.HashMap> com.i52soft.lscable.cms.controller.HTBackendRestController.getProductInfoByTypeName(java.lang.String)
2019-03-10 05:57:36.863 [main] INFO  o.s.w.s.m.m.a.RequestMappingHandlerMapping - Mapped "{[/api/htbackend/registerProduct2],methods=[POST]}" onto public com.i52soft.lscable.cms.domain.ProductVO com.i52soft.lscable.cms.controller.HTBackendRestController.registerProduct2(com.i52soft.lscable.cms.domain.ProductVO)
2019-03-10 05:57:36.863 [main] INFO  o.s.w.s.m.m.a.RequestMappingHandlerMapping - Mapped "{[/api/htbackend/getProductMapIcon],methods=[GET]}" onto public java.util.List<java.util.HashMap> com.i52soft.lscable.cms.controller.HTBackendRestController.getProductMapIcon()
2019-03-10 05:57:36.864 [main] INFO  o.s.w.s.m.m.a.RequestMappingHandlerMapping - Mapped "{[/api/htbackend/resyncWithNMS/{nodeid}],methods=[POST]}" onto public com.i52soft.lscable.cms.domain.SiteTreeNodeVO com.i52soft.lscable.cms.controller.HTBackendRestController.resyncWithNMS(java.lang.Integer,com.i52soft.lscable.cms.domain.SiteTreeNodeVO)
2019-03-10 05:57:36.864 [main] INFO  o.s.w.s.m.m.a.RequestMappingHandlerMapping - Mapped "{[/api/htbackend/addManufacturer],methods=[POST]}" onto public com.i52soft.lscable.cms.domain.RegionVO com.i52soft.lscable.cms.controller.HTBackendRestController.addManufacturer(com.i52soft.lscable.cms.domain.RegionVO)
2019-03-10 05:57:36.864 [main] INFO  o.s.w.s.m.m.a.RequestMappingHandlerMapping - Mapped "{[/api/htbackend/getSiteDetail/{siteid}],methods=[GET]}" onto public java.util.List<java.util.HashMap> com.i52soft.lscable.cms.controller.HTBackendRestController.getSiteDetail(int)
2019-03-10 05:57:36.865 [main] INFO  o.s.w.s.m.m.a.RequestMappingHandlerMapping - Mapped "{[/api/htbackend/saveSiteTreeModelData/{siteid}],methods=[POST]}" onto public int com.i52soft.lscable.cms.controller.HTBackendRestController.saveSiteTreeModelData(int,java.lang.String)
2019-03-10 05:57:36.865 [main] INFO  o.s.w.s.m.m.a.RequestMappingHandlerMapping - Mapped "{[/api/htbackend/getSiteTreeNodeDetail/{nodeid}],methods=[GET]}" onto public java.util.List<java.util.HashMap> com.i52soft.lscable.cms.controller.HTBackendRestController.getSiteTreeNodeDetail(int)
2019-03-10 05:57:36.865 [main] INFO  o.s.w.s.m.m.a.RequestMappingHandlerMapping - Mapped "{[/api/htbackend/saveSiteDetail],methods=[POST]}" onto public com.i52soft.lscable.cms.domain.CMSSiteVO com.i52soft.lscable.cms.controller.HTBackendRestController.saveSiteDetail(com.i52soft.lscable.cms.domain.CMSSiteVO)
2019-03-10 05:57:36.866 [main] INFO  o.s.w.s.m.m.a.RequestMappingHandlerMapping - Mapped "{[/api/htbackend/getCMSSiteBySiteID/{siteid}],methods=[GET]}" onto public java.util.List<java.util.HashMap> com.i52soft.lscable.cms.controller.HTBackendRestController.getCMSSiteBySiteID(int)
2019-03-10 05:57:36.866 [main] INFO  o.s.w.s.m.m.a.RequestMappingHandlerMapping - Mapped "{[/api/htbackend/changeSiteTreeParentNode],methods=[POST]}" onto public com.i52soft.lscable.cms.domain.SiteTreeVO com.i52soft.lscable.cms.controller.HTBackendRestController.changeSiteTreeParentNode(com.i52soft.lscable.cms.domain.SiteTreeVO)
2019-03-10 05:57:36.867 [main] INFO  o.s.w.s.m.m.a.RequestMappingHandlerMapping - Mapped "{[/api/htbackend/checkDuplicateSystemUserId/{id}],methods=[GET]}" onto public java.util.List<java.util.HashMap> com.i52soft.lscable.cms.controller.HTBackendRestController.checkDuplicateSystemUserId(java.lang.String)
2019-03-10 05:57:36.867 [main] INFO  o.s.w.s.m.m.a.RequestMappingHandlerMapping - Mapped "{[/api/htbackend/updateCMSSiteRoot/{siteid}],methods=[POST]}" onto public int com.i52soft.lscable.cms.controller.HTBackendRestController.updateCMSSiteRoot(int,com.i52soft.lscable.cms.domain.CMSSiteVO)
2019-03-10 05:57:36.867 [main] INFO  o.s.w.s.m.m.a.RequestMappingHandlerMapping - Mapped "{[/api/htbackend/getSampleWidgetPreviewImage/{samplewidgetid}],methods=[GET]}" onto public java.util.List<com.i52soft.lscable.cms.domain.SampleWidgetVO> com.i52soft.lscable.cms.controller.HTBackendRestController.getSampleWidgetPreviewImage(int)
2019-03-10 05:57:36.868 [main] INFO  o.s.w.s.m.m.a.RequestMappingHandlerMapping - Mapped "{[/api/htbackend/updateManufacturer],methods=[POST]}" onto public com.i52soft.lscable.cms.domain.RegionVO com.i52soft.lscable.cms.controller.HTBackendRestController.updateManufacturer(com.i52soft.lscable.cms.domain.RegionVO)
2019-03-10 05:57:36.868 [main] INFO  o.s.w.s.m.m.a.RequestMappingHandlerMapping - Mapped "{[/api/htbackend/saveSiteTreeNodeDetail/{nodeid} || /api/htbackend/saveSiteTreeNodeDetail/ || /api/htbackend/saveSiteTreeNodeDetail],methods=[POST]}" onto public com.i52soft.lscable.cms.domain.SiteTreeNodeVO com.i52soft.lscable.cms.controller.HTBackendRestController.saveSiteTreeNodeDetail(java.lang.Integer,com.i52soft.lscable.cms.domain.SiteTreeNodeVO)
2019-03-10 05:57:36.868 [main] INFO  o.s.w.s.m.m.a.RequestMappingHandlerMapping - Mapped "{[/api/htbackend/deleteManufacturer/{id}],methods=[GET]}" onto public int com.i52soft.lscable.cms.controller.HTBackendRestController.deleteManufacturer(int)
2019-03-10 05:57:36.868 [main] INFO  o.s.w.s.m.m.a.RequestMappingHandlerMapping - Mapped "{[/api/htbackend/checkDandDAvailability/{nodeid}/{portname}],methods=[GET]}" onto public java.util.List<java.util.HashMap> com.i52soft.lscable.cms.controller.HTBackendRestController.checkDandDAvailability(int,java.lang.String)
2019-03-10 05:57:36.869 [main] INFO  o.s.w.s.m.m.a.RequestMappingHandlerMapping - Mapped "{[/api/htbackend/getOutletPortStatus2/{nodeid}],methods=[GET]}" onto public java.util.List<java.util.HashMap> com.i52soft.lscable.cms.controller.HTBackendRestController.getOutletPortStatus2(int)
2019-03-10 05:57:36.869 [main] INFO  o.s.w.s.m.m.a.RequestMappingHandlerMapping - Mapped "{[/api/htbackend/getLinkageConnectionDetail/{nodeid}],methods=[GET]}" onto public java.util.List<java.util.HashMap> com.i52soft.lscable.cms.controller.HTBackendRestController.getLinkageConnectionDetail(int)
2019-03-10 05:57:36.870 [main] INFO  o.s.w.s.m.m.a.RequestMappingHandlerMapping - Mapped "{[/api/htbackend/registerIPAddress],methods=[POST]}" onto public java.util.HashMap com.i52soft.lscable.cms.controller.HTBackendRestController.registerIPAddress(java.util.HashMap)
2019-03-10 05:57:36.877 [main] INFO  o.s.w.s.m.m.a.RequestMappingHandlerMapping - Mapped "{[/api/htbackend/getOutletUsageHistory/{nodeid}],methods=[GET]}" onto public java.util.List<java.util.HashMap> com.i52soft.lscable.cms.controller.HTBackendRestController.getOutletUsageHistory(int,java.lang.String)
2019-03-10 05:57:36.877 [main] INFO  o.s.w.s.m.m.a.RequestMappingHandlerMapping - Mapped "{[/api/htbackend/getConnectionDiagram/{nodeid}],methods=[GET]}" onto public java.util.List<java.util.HashMap> com.i52soft.lscable.cms.controller.HTBackendRestController.getConnectionDiagram(int,java.lang.String)
2019-03-10 05:57:36.878 [main] INFO  o.s.w.s.m.m.a.RequestMappingHandlerMapping - Mapped "{[/api/htbackend/getChildrensDirectStatus/{nodeid}],methods=[GET]}" onto public java.util.List<java.util.HashMap> com.i52soft.lscable.cms.controller.HTBackendRestController.getChildrensDirectStatus(int)
2019-03-10 05:57:36.878 [main] INFO  o.s.w.s.m.m.a.RequestMappingHandlerMapping - Mapped "{[/api/htbackend/registerNetwork],methods=[POST]}" onto public com.i52soft.lscable.cms.domain.NetworkVO com.i52soft.lscable.cms.controller.HTBackendRestController.registerNetwork(com.i52soft.lscable.cms.domain.NetworkVO)
2019-03-10 05:57:36.879 [main] INFO  o.s.w.s.m.m.a.RequestMappingHandlerMapping - Mapped "{[/api/htbackend/getOutletPortStatus/{nodeid}],methods=[GET]}" onto public java.util.List<java.util.HashMap> com.i52soft.lscable.cms.controller.HTBackendRestController.getOutletPortStatus(int)
2019-03-10 05:57:36.879 [main] INFO  o.s.w.s.m.m.a.RequestMappingHandlerMapping - Mapped "{[/api/htbackend/deleteNetwork/{networkid}],methods=[GET]}" onto public int com.i52soft.lscable.cms.controller.HTBackendRestController.deleteNetwork(int)
2019-03-10 05:57:36.879 [main] INFO  o.s.w.s.m.m.a.RequestMappingHandlerMapping - Mapped "{[/api/htbackend/getSwitchPortUsageHistory/{nodeid}],methods=[GET]}" onto public java.util.List<java.util.HashMap> com.i52soft.lscable.cms.controller.HTBackendRestController.getSwitchPortUsageHistory(int,java.lang.String)
2019-03-10 05:57:36.880 [main] INFO  o.s.w.s.m.m.a.RequestMappingHandlerMapping - Mapped "{[/api/htbackend/getConnectionDiagramOutlet/{nodeid}],methods=[GET]}" onto public java.util.List<java.util.HashMap> com.i52soft.lscable.cms.controller.HTBackendRestController.getConnectionDiagramOutlet(int)
2019-03-10 05:57:36.880 [main] INFO  o.s.w.s.m.m.a.RequestMappingHandlerMapping - Mapped "{[/api/htbackend/getChildrensAlarmStatus/{nodeid}],methods=[GET]}" onto public java.util.List<java.util.HashMap> com.i52soft.lscable.cms.controller.HTBackendRestController.getChildrensAlarmStatus(int)
2019-03-10 05:57:36.881 [main] INFO  o.s.w.s.m.m.a.RequestMappingHandlerMapping - Mapped "{[/htbackend/searchIPTerminal],methods=[GET]}" onto public java.util.List<java.util.HashMap> com.i52soft.lscable.cms.controller.HTBackendRestController.searchIPTerminal(javax.servlet.http.HttpSession,java.lang.String)
2019-03-10 05:57:36.881 [main] INFO  o.s.w.s.m.m.a.RequestMappingHandlerMapping - Mapped "{[/api/htbackend/getPatchPanelPortStatus/{nodeid}],methods=[GET]}" onto public java.util.List<java.util.HashMap> com.i52soft.lscable.cms.controller.HTBackendRestController.getPatchPanelPortStatus(int)
2019-03-10 05:57:36.881 [main] INFO  o.s.w.s.m.m.a.RequestMappingHandlerMapping - Mapped "{[/api/htbackend/getNetworkNodePortStatus/{nodeid}],methods=[GET]}" onto public java.util.List<java.util.HashMap> com.i52soft.lscable.cms.controller.HTBackendRestController.getNetworkNodePortStatus(int)
2019-03-10 05:57:36.881 [main] INFO  o.s.w.s.m.m.a.RequestMappingHandlerMapping - Mapped "{[/api/htbackend/deleteIPAddress/{ipid}],methods=[GET]}" onto public int com.i52soft.lscable.cms.controller.HTBackendRestController.deleteIPAddress(int)
2019-03-10 05:57:36.882 [main] INFO  o.s.w.s.m.m.a.RequestMappingHandlerMapping - Mapped "{[/api/htbackend/updateIPAddress/{ipid}],methods=[POST]}" onto public java.util.HashMap com.i52soft.lscable.cms.controller.HTBackendRestController.updateIPAddress(int,java.util.HashMap)
2019-03-10 05:57:36.882 [main] INFO  o.s.w.s.m.m.a.RequestMappingHandlerMapping - Mapped "{[/api/htbackend/removeLinkageConnection/{linkageid}],methods=[GET]}" onto public void com.i52soft.lscable.cms.controller.HTBackendRestController.removeLinkageConnection(int)
2019-03-10 05:57:36.882 [main] INFO  o.s.w.s.m.m.a.RequestMappingHandlerMapping - Mapped "{[/api/htbackend/updateNetwork/{networkid}],methods=[POST]}" onto public com.i52soft.lscable.cms.domain.NetworkVO com.i52soft.lscable.cms.controller.HTBackendRestController.updateNetwork(int,com.i52soft.lscable.cms.domain.NetworkVO)
2019-03-10 05:57:36.891 [main] INFO  o.s.w.s.m.m.a.RequestMappingHandlerMapping - Mapped "{[/api/htbackend/getAlarmStatus/{nodeid}],methods=[GET]}" onto public java.util.List<java.util.HashMap> com.i52soft.lscable.cms.controller.HTBackendRestController.getAlarmStatus(int)
2019-03-10 05:57:36.891 [main] INFO  o.s.w.s.m.m.a.RequestMappingHandlerMapping - Mapped "{[/api/htbackend/getUsageHistory20181111],methods=[GET]}" onto public java.util.List<java.util.HashMap> com.i52soft.lscable.cms.controller.HTBackendRestController.getUsageHistory20181111(java.lang.String)
2019-03-10 05:57:36.892 [main] INFO  o.s.w.s.m.m.a.RequestMappingHandlerMapping - Mapped "{[/api/htbackend/getUsageHistory],methods=[GET]}" onto public java.util.List<java.util.HashMap> com.i52soft.lscable.cms.controller.HTBackendRestController.getUsageHistory(java.lang.String)
2019-03-10 05:57:36.893 [main] INFO  o.s.w.s.m.m.a.RequestMappingHandlerMapping - Mapped "{[/api/htbackend/getConnectionDiagramIPAM],methods=[GET]}" onto public java.util.List<java.util.HashMap> com.i52soft.lscable.cms.controller.HTBackendRestController.getConnectionDiagramIPAM(java.lang.String)
2019-03-10 05:57:36.896 [main] INFO  o.s.w.s.m.m.a.RequestMappingHandlerMapping - Mapped "{[/api/htbackend/saveLinkageConnectionDetail],methods=[POST]}" onto public com.i52soft.lscable.cms.domain.LinkageConnectionVO com.i52soft.lscable.cms.controller.HTBackendRestController.saveLinkageConnectionDetail(com.i52soft.lscable.cms.domain.LinkageConnectionVO)
2019-03-10 05:57:36.896 [main] INFO  o.s.w.s.m.m.a.RequestMappingHandlerMapping - Mapped "{[/api/htbackend/getAreaDCIMWidget],methods=[GET]}" onto public java.util.List<java.util.HashMap> com.i52soft.lscable.cms.controller.HTBackendRestController.getAreaDCIMWidget(java.util.HashMap<java.lang.String, java.lang.Object>)
2019-03-10 05:57:36.897 [main] INFO  o.s.w.s.m.m.a.RequestMappingHandlerMapping - Mapped "{[/api/htbackend/saveMainPageLayoutDetail/{mainpageid}],methods=[POST]}" onto public int com.i52soft.lscable.cms.controller.HTBackendRestController.saveMainPageLayoutDetail(int,java.util.HashMap)
2019-03-10 05:57:36.897 [main] INFO  o.s.w.s.m.m.a.RequestMappingHandlerMapping - Mapped "{[/api/htbackend/getAvailableSystemUser],methods=[GET]}" onto public java.util.List<java.util.HashMap> com.i52soft.lscable.cms.controller.HTBackendRestController.getAvailableSystemUser(java.lang.Integer)
2019-03-10 05:57:36.897 [main] INFO  o.s.w.s.m.m.a.RequestMappingHandlerMapping - Mapped "{[/api/htbackend/openDCIMViewer],methods=[GET]}" onto public void com.i52soft.lscable.cms.controller.HTBackendRestController.openDCIMViewer(javax.servlet.http.HttpServletResponse,java.lang.String) throws java.io.IOException
2019-03-10 05:57:36.898 [main] INFO  o.s.w.s.m.m.a.RequestMappingHandlerMapping - Mapped "{[/api/htbackend/getCompatibleWidgetForLayout],methods=[GET]}" onto public java.util.List<java.util.HashMap> com.i52soft.lscable.cms.controller.HTBackendRestController.getCompatibleWidgetForLayout(java.util.HashMap<java.lang.String, java.lang.String>)
2019-03-10 05:57:36.899 [main] INFO  o.s.w.s.m.m.a.RequestMappingHandlerMapping - Mapped "{[/api/htbackend/getAvailableSystemUser2],methods=[GET]}" onto public java.util.List<java.util.HashMap> com.i52soft.lscable.cms.controller.HTBackendRestController.getAvailableSystemUser2(java.lang.Integer)
2019-03-10 05:57:36.899 [main] INFO  o.s.w.s.m.m.a.RequestMappingHandlerMapping - Mapped "{[/api/htbackend/getLinkageImageForType/{typeid}],methods=[GET]}" onto public java.lang.String com.i52soft.lscable.cms.controller.HTBackendRestController.getLinkageImageForType(int)
2019-03-10 05:57:36.899 [main] INFO  o.s.w.s.m.m.a.RequestMappingHandlerMapping - Mapped "{[/api/htbackend/saveMainPageWidget],methods=[POST]}" onto public com.i52soft.lscable.cms.domain.ChartWidgetVO com.i52soft.lscable.cms.controller.HTBackendRestController.saveMainPageWidget(com.i52soft.lscable.cms.domain.ChartWidgetVO)
2019-03-10 05:57:36.900 [main] INFO  o.s.w.s.m.m.a.RequestMappingHandlerMapping - Mapped "{[/api/htbackend/searchCMSEntitySummary],methods=[GET]}" onto public java.util.List<java.util.HashMap> com.i52soft.lscable.cms.controller.HTBackendRestController.searchCMSEntitySummary(java.lang.String,java.lang.Integer,java.lang.Integer,java.lang.Integer,java.lang.String)
2019-03-10 05:57:36.900 [main] INFO  o.s.w.s.m.m.a.RequestMappingHandlerMapping - Mapped "{[/api/htbackend/addAuthorizedSystemUser],methods=[GET]}" onto public int com.i52soft.lscable.cms.controller.HTBackendRestController.addAuthorizedSystemUser(java.lang.Integer,java.lang.Integer)
2019-03-10 05:57:36.900 [main] INFO  o.s.w.s.m.m.a.RequestMappingHandlerMapping - Mapped "{[/htbackend/setToDefaultMainPageLayout/{mainpageid}],methods=[GET]}" onto public int com.i52soft.lscable.cms.controller.HTBackendRestController.setToDefaultMainPageLayout(javax.servlet.http.HttpSession,int)
2019-03-10 05:57:36.901 [main] INFO  o.s.w.s.m.m.a.RequestMappingHandlerMapping - Mapped "{[/api/htbackend/removeAuthorizedSystemUser2],methods=[GET]}" onto public int com.i52soft.lscable.cms.controller.HTBackendRestController.removeAuthorizedSystemUser2(java.lang.Integer,java.lang.Integer)
2019-03-10 05:57:36.901 [main] INFO  o.s.w.s.m.m.a.RequestMappingHandlerMapping - Mapped "{[/api/htbackend/openCMSViewer],methods=[GET]}" onto public void com.i52soft.lscable.cms.controller.HTBackendRestController.openCMSViewer(javax.servlet.http.HttpServletResponse,java.lang.String) throws java.io.IOException
2019-03-10 05:57:36.901 [main] INFO  o.s.w.s.m.m.a.RequestMappingHandlerMapping - Mapped "{[/api/htbackend/getAvailableDataProvider/{widgettype_id}],methods=[GET]}" onto public java.util.List<java.util.HashMap> com.i52soft.lscable.cms.controller.HTBackendRestController.getAvailableDataProvider(int)
2019-03-10 05:57:36.902 [main] INFO  o.s.w.s.m.m.a.RequestMappingHandlerMapping - Mapped "{[/api/htbackend/getDeviceInterfaces/{q:.+}],methods=[GET]}" onto public java.util.List<java.util.HashMap> com.i52soft.lscable.cms.controller.HTBackendRestController.getDeviceInterfaces(java.lang.String)
2019-03-10 05:57:36.902 [main] INFO  o.s.w.s.m.m.a.RequestMappingHandlerMapping - Mapped "{[/api/htbackend/getAvailableDevicesInRack],methods=[GET]}" onto public java.util.List<java.util.HashMap> com.i52soft.lscable.cms.controller.HTBackendRestController.getAvailableDevicesInRack(java.util.HashMap<java.lang.String, java.lang.Object>)
2019-03-10 05:57:36.902 [main] INFO  o.s.w.s.m.m.a.RequestMappingHandlerMapping - Mapped "{[/api/htbackend/searchCMSEntity],methods=[GET]}" onto public java.util.List<java.util.HashMap> com.i52soft.lscable.cms.controller.HTBackendRestController.searchCMSEntity(java.lang.String,java.lang.Integer,java.lang.Integer,java.lang.Integer)
2019-03-10 05:57:36.903 [main] INFO  o.s.w.s.m.m.a.RequestMappingHandlerMapping - Mapped "{[/api/htbackend/registerSiteTreeInBulk],methods=[POST]}" onto public java.util.HashMap com.i52soft.lscable.cms.controller.HTBackendRestController.registerSiteTreeInBulk(java.util.HashMap)
2019-03-10 05:57:36.903 [main] INFO  o.s.w.s.m.m.a.RequestMappingHandlerMapping - Mapped "{[/api/htbackend/resetMainPageWidget/{widgetid}],methods=[GET]}" onto public int com.i52soft.lscable.cms.controller.HTBackendRestController.resetMainPageWidget(int,int)
2019-03-10 05:57:36.903 [main] INFO  o.s.w.s.m.m.a.RequestMappingHandlerMapping - Mapped "{[/api/htbackend/singleFileUpload],methods=[POST]}" onto public java.util.HashMap com.i52soft.lscable.cms.controller.HTBackendRestController.singleFileUpload(org.springframework.web.multipart.MultipartFile)
2019-03-10 05:57:36.904 [main] INFO  o.s.w.s.m.m.a.RequestMappingHandlerMapping - Mapped "{[/api/htbackend/filesUpload],methods=[POST]}" onto public java.util.HashMap com.i52soft.lscable.cms.controller.HTBackendRestController.singleFileUpload(org.springframework.web.multipart.MultipartFile[])
2019-03-10 05:57:36.904 [main] INFO  o.s.w.s.m.m.a.RequestMappingHandlerMapping - Mapped "{[/api/htbackend/openDCIMEditor],methods=[GET]}" onto public void com.i52soft.lscable.cms.controller.HTBackendRestController.openDCIMEditor(javax.servlet.http.HttpServletResponse,java.lang.String) throws java.io.IOException
2019-03-10 05:57:36.904 [main] INFO  o.s.w.s.m.m.a.RequestMappingHandlerMapping - Mapped "{[/api/htbackend/getAvailableFloorMapImg],methods=[GET]}" onto public java.util.List<java.util.HashMap> com.i52soft.lscable.cms.controller.HTBackendRestController.getAvailableFloorMapImg()
2019-03-10 05:57:36.905 [main] INFO  o.s.w.s.m.m.a.RequestMappingHandlerMapping - Mapped "{[/api/htbackend/get3DRackDetail],methods=[GET]}" onto public java.util.HashMap com.i52soft.lscable.cms.controller.HTBackendRestController.get3DRackDetail(java.util.HashMap<java.lang.String, java.lang.Object>)
2019-03-10 05:57:36.905 [main] INFO  o.s.w.s.m.m.a.RequestMappingHandlerMapping - Mapped "{[/api/htbackend/getEdgeStatus/{q:.+}],methods=[GET]}" onto public java.util.HashMap com.i52soft.lscable.cms.controller.HTBackendRestController.getEdgeStatus(java.lang.String)
2019-03-10 05:57:36.906 [main] INFO  o.s.w.s.m.m.a.RequestMappingHandlerMapping - Mapped "{[/api/htbackend/retrievePortUsageRate],methods=[GET]}" onto public java.util.List<java.util.HashMap> com.i52soft.lscable.cms.controller.HTBackendRestController.retrievePortUsageRate(java.util.HashMap<java.lang.String, java.lang.Object>)
2019-03-10 05:57:36.906 [main] INFO  o.s.w.s.m.m.a.RequestMappingHandlerMapping - Mapped "{[/api/htbackend/getMainPageLayoutByPageID/{id}],methods=[GET]}" onto public java.util.List<java.util.HashMap> com.i52soft.lscable.cms.controller.HTBackendRestController.getMainPageLayoutByPageID(int)
2019-03-10 05:57:36.907 [main] INFO  o.s.w.s.m.m.a.RequestMappingHandlerMapping - Mapped "{[/api/htbackend/addAuthorizedSystemUser2],methods=[GET]}" onto public int com.i52soft.lscable.cms.controller.HTBackendRestController.addAuthorizedSystemUser2(java.lang.Integer,java.lang.Integer)
2019-03-10 05:57:36.907 [main] INFO  o.s.w.s.m.m.a.RequestMappingHandlerMapping - Mapped "{[/api/htbackend/manageSwitchPort],methods=[GET]}" onto public java.lang.String com.i52soft.lscable.cms.controller.HTBackendRestController.manageSwitchPort(java.util.HashMap<java.lang.String, java.lang.String>)
2019-03-10 05:57:36.908 [main] INFO  o.s.w.s.m.m.a.RequestMappingHandlerMapping - Mapped "{[/api/htbackend/getAvailableLayoutTheme],methods=[GET]}" onto public java.util.List<java.util.HashMap> com.i52soft.lscable.cms.controller.HTBackendRestController.getAvailableLayoutTheme()
2019-03-10 05:57:36.908 [main] INFO  o.s.w.s.m.m.a.RequestMappingHandlerMapping - Mapped "{[/api/htbackend/removeAuthorizedSystemUser],methods=[GET]}" onto public int com.i52soft.lscable.cms.controller.HTBackendRestController.removeAuthorizedSystemUser(java.lang.Integer,java.lang.Integer)
2019-03-10 05:57:36.908 [main] INFO  o.s.w.s.m.m.a.RequestMappingHandlerMapping - Mapped "{[/api/htbackend/getEndUsersStats],methods=[GET]}" onto public java.util.List<java.util.HashMap> com.i52soft.lscable.cms.controller.HTBackendRestController.getEndUsersStats(java.util.HashMap<java.lang.String, java.lang.Object>)
2019-03-10 05:57:36.909 [main] INFO  o.s.w.s.m.m.a.RequestMappingHandlerMapping - Mapped "{[/api/htbackend/getUnAuthInfoBySWMac],methods=[GET]}" onto public java.util.HashMap com.i52soft.lscable.cms.controller.HTBackendRestController.getUnAuthInfoBySWMac(java.util.HashMap<java.lang.String, java.lang.Object>)
2019-03-10 05:57:36.910 [main] INFO  o.s.w.s.m.m.a.RequestMappingHandlerMapping - Mapped "{[/api/htbackend/getCurrentEndUsersTraffic],methods=[GET]}" onto public java.util.List<java.util.HashMap> com.i52soft.lscable.cms.controller.HTBackendRestController.getCurrentEndUsersTraffic(java.util.HashMap<java.lang.String, java.lang.Object>)
2019-03-10 05:57:36.911 [main] INFO  o.s.w.s.m.m.a.RequestMappingHandlerMapping - Mapped "{[/api/htbackend/getTempUserInfo],methods=[GET]}" onto public java.util.List<java.util.HashMap> com.i52soft.lscable.cms.controller.HTBackendRestController.getTempUserInfo(java.util.HashMap<java.lang.String, java.lang.Object>)
2019-03-10 05:57:36.911 [main] INFO  o.s.w.s.m.m.a.RequestMappingHandlerMapping - Mapped "{[/api/htbackend/getRealtimeAlarmList],methods=[GET]}" onto public java.util.List<java.util.HashMap> com.i52soft.lscable.cms.controller.HTBackendRestController.getRealtimeAlarmList(java.util.HashMap<java.lang.String, java.lang.Object>)
2019-03-10 05:57:36.912 [main] INFO  o.s.w.s.m.m.a.RequestMappingHandlerMapping - Mapped "{[/api/getWidgetDataAPI/{provider_name}],methods=[GET]}" onto public java.lang.String com.i52soft.lscable.cms.controller.WidgetDataProviderRestController.getWidgetDataAPI(javax.servlet.http.HttpSession,java.lang.String,java.lang.String)
2019-03-10 05:57:36.918 [main] INFO  o.s.w.s.m.m.a.RequestMappingHandlerMapping - Mapped "{[/error]}" onto public org.springframework.http.ResponseEntity<java.util.Map<java.lang.String, java.lang.Object>> org.springframework.boot.autoconfigure.web.BasicErrorController.error(javax.servlet.http.HttpServletRequest)
2019-03-10 05:57:36.919 [main] INFO  o.s.w.s.m.m.a.RequestMappingHandlerMapping - Mapped "{[/error],produces=[text/html]}" onto public org.springframework.web.servlet.ModelAndView org.springframework.boot.autoconfigure.web.BasicErrorController.errorHtml(javax.servlet.http.HttpServletRequest,javax.servlet.http.HttpServletResponse)
2019-03-10 05:57:36.948 [main] INFO  o.s.w.s.h.SimpleUrlHandlerMapping - Mapped URL path [/error/404.html] onto handler of type [class org.springframework.web.servlet.mvc.ParameterizableViewController]
2019-03-10 05:57:36.949 [main] INFO  o.s.w.s.h.SimpleUrlHandlerMapping - Mapped URL path [/error/505.html] onto handler of type [class org.springframework.web.servlet.mvc.ParameterizableViewController]
2019-03-10 05:57:36.976 [main] INFO  o.s.w.s.h.SimpleUrlHandlerMapping - Mapped URL path [/floormaps/**] onto handler of type [class org.springframework.web.servlet.resource.ResourceHttpRequestHandler]
2019-03-10 05:57:36.977 [main] INFO  o.s.w.s.h.SimpleUrlHandlerMapping - Mapped URL path [/webjars/**] onto handler of type [class org.springframework.web.servlet.resource.ResourceHttpRequestHandler]
2019-03-10 05:57:36.977 [main] INFO  o.s.w.s.h.SimpleUrlHandlerMapping - Mapped URL path [/**] onto handler of type [class org.springframework.web.servlet.resource.ResourceHttpRequestHandler]
2019-03-10 05:57:36.984 [main] INFO  o.s.w.s.h.SimpleUrlHandlerMapping - Mapped URL path [/**] onto handler of type [class org.springframework.web.servlet.resource.DefaultServletHttpRequestHandler]
2019-03-10 05:57:37.073 [main] INFO  o.s.w.s.h.SimpleUrlHandlerMapping - Mapped URL path [/**/favicon.ico] onto handler of type [class org.springframework.web.servlet.resource.ResourceHttpRequestHandler]
2019-03-10 05:57:39.263 [localhost-startStop-1] INFO  o.s.web.context.ContextLoader - Root WebApplicationContext: initialization completed in 400 ms
2019-03-10 05:57:39.389 [main] INFO  o.s.w.s.m.m.a.RequestMappingHandlerMapping - Mapped "{[/error]}" onto public java.util.Map<java.lang.String, java.lang.Object> org.springframework.boot.actuate.endpoint.mvc.ManagementErrorEndpoint.invoke()
2019-03-10 05:57:39.394 [main] INFO  o.s.w.s.h.SimpleUrlHandlerMapping - Mapped URL path [/error/404.html] onto handler of type [class org.springframework.web.servlet.mvc.ParameterizableViewController]
2019-03-10 05:57:39.394 [main] INFO  o.s.w.s.h.SimpleUrlHandlerMapping - Mapped URL path [/error/505.html] onto handler of type [class org.springframework.web.servlet.mvc.ParameterizableViewController]
2019-03-10 05:57:39.397 [main] INFO  o.s.w.s.h.SimpleUrlHandlerMapping - Mapped URL path [/floormaps/**] onto handler of type [class org.springframework.web.servlet.resource.ResourceHttpRequestHandler]
2019-03-10 05:57:39.398 [main] INFO  o.s.w.s.h.SimpleUrlHandlerMapping - Mapped URL path [/webjars/**] onto handler of type [class org.springframework.web.servlet.resource.ResourceHttpRequestHandler]
2019-03-10 05:57:39.398 [main] INFO  o.s.w.s.h.SimpleUrlHandlerMapping - Mapped URL path [/**] onto handler of type [class org.springframework.web.servlet.resource.ResourceHttpRequestHandler]
2019-03-10 05:57:39.399 [main] INFO  o.s.w.s.h.SimpleUrlHandlerMapping - Mapped URL path [/**] onto handler of type [class org.springframework.web.servlet.resource.DefaultServletHttpRequestHandler]
2019-03-10 05:57:39.417 [main] INFO  o.s.w.s.m.m.a.RequestMappingHandlerAdapter - Looking for @ControllerAdvice: org.springframework.boot.context.embedded.AnnotationConfigEmbeddedWebApplicationContext@e7d488a: startup date [Sun Mar 10 05:57:38 KST 2019]; parent: org.springframework.boot.context.embedded.AnnotationConfigEmbeddedWebApplicationContext@1012b3e7
2019-03-10 05:57:39.651 [main] INFO  com.i52soft.lscable.cms.App - Started App in 13.054 seconds (JVM running for 23.013)
2019-03-10 05:58:36.291 [MessageBroker-1] INFO  o.s.w.s.c.WebSocketMessageBrokerStats - WebSocketSession[0 current WS(0)-HttpStream(0)-HttpPoll(0), 0 total, 0 closed abnormally (0 connect failure, 0 send limit, 0 transport error)], stompSubProtocol[processed CONNECT(0)-CONNECTED(0)-DISCONNECT(0)], stompBrokerRelay[null], inboundChannel[pool size = 0, active threads = 0, queued tasks = 0, completed tasks = 0], outboundChannelpool size = 0, active threads = 0, queued tasks = 0, completed tasks = 0], sockJsScheduler[pool size = 1, active threads = 1, queued tasks = 0, completed tasks = 0]
