2018-05-18 12:34:18.402 [main] INFO  com.i52soft.lscable.cms.App - Starting App on DESKTOP-PPOA379 with PID 14020 (started by dslee in C:\eGovFrameDev-3.6.0-64bit\workspace-lscablecms-new\LSCable CMS)
2018-05-18 12:34:18.409 [main] DEBUG com.i52soft.lscable.cms.App - Running with Spring Boot v1.4.4.RELEASE, Spring v4.3.6.RELEASE
2018-05-18 12:34:18.410 [main] INFO  com.i52soft.lscable.cms.App - No active profile set, falling back to default profiles: default
2018-05-18 12:34:21.481 [localhost-startStop-1] INFO  o.s.web.context.ContextLoader - Root WebApplicationContext: initialization completed in 2845 ms
2018-05-18 12:34:21.599 [localhost-startStop-1] INFO  c.i.l.cms.common.SimpleCORSFilter - SimpleCORSFilter init
2018-05-18 12:34:22.836 [main] INFO  o.s.w.s.m.m.a.RequestMappingHandlerAdapter - Looking for @ControllerAdvice: org.springframework.boot.context.embedded.AnnotationConfigEmbeddedWebApplicationContext@717e38e5: startup date [Fri May 18 12:34:18 KST 2018]; root of context hierarchy
2018-05-18 12:34:22.912 [main] INFO  o.s.w.s.m.m.a.RequestMappingHandlerMapping - Mapped "{[/admin/cms/catalog],methods=[GET]}" onto public java.lang.String com.i52soft.lscable.cms.controller.AdminController.catalog()
2018-05-18 12:34:22.918 [main] INFO  o.s.w.s.m.m.a.RequestMappingHandlerMapping - Mapped "{[/admin/cms/regions],methods=[GET]}" onto public org.springframework.web.servlet.ModelAndView com.i52soft.lscable.cms.controller.AdminController.cmsregions()
2018-05-18 12:34:22.918 [main] INFO  o.s.w.s.m.m.a.RequestMappingHandlerMapping - Mapped "{[/admin/cms/new],methods=[GET]}" onto public org.springframework.web.servlet.ModelAndView com.i52soft.lscable.cms.controller.AdminController.cmsnew()
2018-05-18 12:34:22.924 [main] INFO  o.s.w.s.m.m.a.RequestMappingHandlerMapping - Mapped "{[/admin/cms/siteset],methods=[GET]}" onto public org.springframework.web.servlet.ModelAndView com.i52soft.lscable.cms.controller.AdminController.cmssiteset(javax.servlet.http.HttpSession)
2018-05-18 12:34:22.924 [main] INFO  o.s.w.s.m.m.a.RequestMappingHandlerMapping - Mapped "{[/admin/setting/new],methods=[GET]}" onto public org.springframework.web.servlet.ModelAndView com.i52soft.lscable.cms.controller.AdminController.settingnew()
2018-05-18 12:34:22.924 [main] INFO  o.s.w.s.m.m.a.RequestMappingHandlerMapping - Mapped "{[/admin/cms/setting],methods=[GET]}" onto public org.springframework.web.servlet.ModelAndView com.i52soft.lscable.cms.controller.AdminController.cmssetting()
2018-05-18 12:34:22.924 [main] INFO  o.s.w.s.m.m.a.RequestMappingHandlerMapping - Mapped "{[/admin/cms/adminAuth],methods=[GET]}" onto public org.springframework.web.servlet.ModelAndView com.i52soft.lscable.cms.controller.AdminController.cmsadminauth()
2018-05-18 12:34:22.928 [main] INFO  o.s.w.s.m.m.a.RequestMappingHandlerMapping - Mapped "{[/admin/cms2/setting],methods=[GET]}" onto public org.springframework.web.servlet.ModelAndView com.i52soft.lscable.cms.controller.AdminController.cmssetting2()
2018-05-18 12:34:22.928 [main] INFO  o.s.w.s.m.m.a.RequestMappingHandlerMapping - Mapped "{[/admin/cms/linkage],methods=[GET]}" onto public org.springframework.web.servlet.ModelAndView com.i52soft.lscable.cms.controller.AdminController.cmslinkage(javax.servlet.http.HttpSession,int)
2018-05-18 12:34:22.928 [main] INFO  o.s.w.s.m.m.a.RequestMappingHandlerMapping - Mapped "{[/admin/cms2/regions],methods=[GET]}" onto public org.springframework.web.servlet.ModelAndView com.i52soft.lscable.cms.controller.AdminController.cmsregions2()
2018-05-18 12:34:22.929 [main] INFO  o.s.w.s.m.m.a.RequestMappingHandlerMapping - Mapped "{[/admin/ipam/adminNetwork],methods=[GET]}" onto public org.springframework.web.servlet.ModelAndView com.i52soft.lscable.cms.controller.AdminController.ipamNetwork()
2018-05-18 12:34:22.932 [main] INFO  o.s.w.s.m.m.a.RequestMappingHandlerMapping - Mapped "{[/admin/cms2/view],methods=[GET]}" onto public org.springframework.web.servlet.ModelAndView com.i52soft.lscable.cms.controller.AdminController.cmsview2(java.util.HashMap<java.lang.String, java.lang.String>)
2018-05-18 12:34:22.933 [main] INFO  o.s.w.s.m.m.a.RequestMappingHandlerMapping - Mapped "{[/admin/cms2/siteset],methods=[GET]}" onto public org.springframework.web.servlet.ModelAndView com.i52soft.lscable.cms.controller.AdminController.cmssiteset2(javax.servlet.http.HttpSession)
2018-05-18 12:34:22.933 [main] INFO  o.s.w.s.m.m.a.RequestMappingHandlerMapping - Mapped "{[/admin/ipam/user],methods=[GET]}" onto public org.springframework.web.servlet.ModelAndView com.i52soft.lscable.cms.controller.AdminController.ipamuser()
2018-05-18 12:34:22.933 [main] INFO  o.s.w.s.m.m.a.RequestMappingHandlerMapping - Mapped "{[/admin/ipam/setting],methods=[GET]}" onto public org.springframework.web.servlet.ModelAndView com.i52soft.lscable.cms.controller.AdminController.ipamsetting()
2018-05-18 12:34:22.933 [main] INFO  o.s.w.s.m.m.a.RequestMappingHandlerMapping - Mapped "{[/admin/cms2/linkage],methods=[GET]}" onto public org.springframework.web.servlet.ModelAndView com.i52soft.lscable.cms.controller.AdminController.cmslinkage2(javax.servlet.http.HttpSession,int)
2018-05-18 12:34:22.933 [main] INFO  o.s.w.s.m.m.a.RequestMappingHandlerMapping - Mapped "{[/admin/ipam2/setting],methods=[GET]}" onto public org.springframework.web.servlet.ModelAndView com.i52soft.lscable.cms.controller.AdminController.ipamsetting2()
2018-05-18 12:34:22.933 [main] INFO  o.s.w.s.m.m.a.RequestMappingHandlerMapping - Mapped "{[/admin/ipam2/user],methods=[GET]}" onto public org.springframework.web.servlet.ModelAndView com.i52soft.lscable.cms.controller.AdminController.ipamuser2()
2018-05-18 12:34:22.934 [main] INFO  o.s.w.s.m.m.a.RequestMappingHandlerMapping - Mapped "{[/admin/cms/modifySite],methods=[GET]}" onto public org.springframework.web.servlet.ModelAndView com.i52soft.lscable.cms.controller.AdminController.modifySite()
2018-05-18 12:34:22.934 [main] INFO  o.s.w.s.m.m.a.RequestMappingHandlerMapping - Mapped "{[/admin/setting2/new],methods=[GET]}" onto public org.springframework.web.servlet.ModelAndView com.i52soft.lscable.cms.controller.AdminController.settingnew2()
2018-05-18 12:34:22.934 [main] INFO  o.s.w.s.m.m.a.RequestMappingHandlerMapping - Mapped "{[/admin/cms2/new],methods=[GET]}" onto public org.springframework.web.servlet.ModelAndView com.i52soft.lscable.cms.controller.AdminController.cmsnew2()
2018-05-18 12:34:22.934 [main] INFO  o.s.w.s.m.m.a.RequestMappingHandlerMapping - Mapped "{[/admin/cms/view],methods=[GET]}" onto public org.springframework.web.servlet.ModelAndView com.i52soft.lscable.cms.controller.AdminController.cmsview(java.util.HashMap<java.lang.String, java.lang.String>)
2018-05-18 12:34:22.934 [main] INFO  o.s.w.s.m.m.a.RequestMappingHandlerMapping - Mapped "{[/admin/cms2/catalog],methods=[GET]}" onto public java.lang.String com.i52soft.lscable.cms.controller.AdminController.catalog2()
2018-05-18 12:34:22.934 [main] INFO  o.s.w.s.m.m.a.RequestMappingHandlerMapping - Mapped "{[/admin/cms2/modifySite],methods=[GET]}" onto public org.springframework.web.servlet.ModelAndView com.i52soft.lscable.cms.controller.AdminController.modifySite2()
2018-05-18 12:34:22.934 [main] INFO  o.s.w.s.m.m.a.RequestMappingHandlerMapping - Mapped "{[/admin/ipam2/adminNetwork],methods=[GET]}" onto public org.springframework.web.servlet.ModelAndView com.i52soft.lscable.cms.controller.AdminController.ipamNetwork2()
2018-05-18 12:34:22.934 [main] INFO  o.s.w.s.m.m.a.RequestMappingHandlerMapping - Mapped "{[/admin/setting/manage-layout],methods=[GET]}" onto public java.lang.String com.i52soft.lscable.cms.controller.AdminController.settingmanagelayout(java.util.HashMap)
2018-05-18 12:34:22.935 [main] INFO  o.s.w.s.m.m.a.RequestMappingHandlerMapping - Mapped "{[/admin/setting/manage-widget],methods=[GET]}" onto public org.springframework.web.servlet.ModelAndView com.i52soft.lscable.cms.controller.AdminController.settingmanagewidget(java.util.HashMap)
2018-05-18 12:34:22.938 [main] INFO  o.s.w.s.m.m.a.RequestMappingHandlerMapping - Mapped "{[/admin/setting/modify],methods=[GET]}" onto public org.springframework.web.servlet.ModelAndView com.i52soft.lscable.cms.controller.AdminController.settingmodify(int)
2018-05-18 12:34:22.939 [main] INFO  o.s.w.s.m.m.a.RequestMappingHandlerMapping - Mapped "{[/admin/cms/adminSearch],methods=[GET]}" onto public org.springframework.web.servlet.ModelAndView com.i52soft.lscable.cms.controller.AdminController.cmsadminsearch()
2018-05-18 12:34:22.939 [main] INFO  o.s.w.s.m.m.a.RequestMappingHandlerMapping - Mapped "{[/admin/cms/manufacturer],methods=[GET]}" onto public org.springframework.web.servlet.ModelAndView com.i52soft.lscable.cms.controller.AdminController.cmsmanufacturer()
2018-05-18 12:34:22.939 [main] INFO  o.s.w.s.m.m.a.RequestMappingHandlerMapping - Mapped "{[/admin/setting/adminsysuser],methods=[GET]}" onto public org.springframework.web.servlet.ModelAndView com.i52soft.lscable.cms.controller.AdminController.settingadminsysuer()
2018-05-18 12:34:22.939 [main] INFO  o.s.w.s.m.m.a.RequestMappingHandlerMapping - Mapped "{[/admin/setting/preview-layout],methods=[GET]}" onto public org.springframework.web.servlet.ModelAndView com.i52soft.lscable.cms.controller.AdminController.settingpreviewlayout(java.util.HashMap)
2018-05-18 12:34:22.939 [main] INFO  o.s.w.s.m.m.a.RequestMappingHandlerMapping - Mapped "{[/admin/setting2/adminsysuser],methods=[GET]}" onto public org.springframework.web.servlet.ModelAndView com.i52soft.lscable.cms.controller.AdminController.settingadminsysuer2()
2018-05-18 12:34:22.939 [main] INFO  o.s.w.s.m.m.a.RequestMappingHandlerMapping - Mapped "{[/admin/cms2/adminAuth],methods=[GET]}" onto public org.springframework.web.servlet.ModelAndView com.i52soft.lscable.cms.controller.AdminController.cmsadminauth2()
2018-05-18 12:34:22.940 [main] INFO  o.s.w.s.m.m.a.RequestMappingHandlerMapping - Mapped "{[/admin/setting2/modify],methods=[GET]}" onto public org.springframework.web.servlet.ModelAndView com.i52soft.lscable.cms.controller.AdminController.settingmodify2(int)
2018-05-18 12:34:22.940 [main] INFO  o.s.w.s.m.m.a.RequestMappingHandlerMapping - Mapped "{[/admin/cms2/manufacturer],methods=[GET]}" onto public org.springframework.web.servlet.ModelAndView com.i52soft.lscable.cms.controller.AdminController.cmsmanufacturer2()
2018-05-18 12:34:22.940 [main] INFO  o.s.w.s.m.m.a.RequestMappingHandlerMapping - Mapped "{[/admin/cms2/adminSearch],methods=[GET]}" onto public org.springframework.web.servlet.ModelAndView com.i52soft.lscable.cms.controller.AdminController.cmsadminsearch2()
2018-05-18 12:34:22.953 [main] INFO  o.s.w.s.m.m.a.RequestMappingHandlerMapping - Mapped "{[/error],methods=[GET]}" onto public java.lang.String com.i52soft.lscable.cms.controller.DefaultController.error()
2018-05-18 12:34:22.953 [main] INFO  o.s.w.s.m.m.a.RequestMappingHandlerMapping - Mapped "{[/frame1/event],methods=[GET]}" onto public org.springframework.web.servlet.ModelAndView com.i52soft.lscable.cms.controller.DefaultController.event()
2018-05-18 12:34:22.953 [main] INFO  o.s.w.s.m.m.a.RequestMappingHandlerMapping - Mapped "{[/],methods=[GET]}" onto public java.lang.String com.i52soft.lscable.cms.controller.DefaultController.home()
2018-05-18 12:34:22.953 [main] INFO  o.s.w.s.m.m.a.RequestMappingHandlerMapping - Mapped "{[/login],methods=[GET]}" onto public java.lang.String com.i52soft.lscable.cms.controller.DefaultController.login()
2018-05-18 12:34:22.953 [main] INFO  o.s.w.s.m.m.a.RequestMappingHandlerMapping - Mapped "{[/setting/main],methods=[GET]}" onto public org.springframework.web.servlet.ModelAndView com.i52soft.lscable.cms.controller.DefaultController.settingmain(javax.servlet.http.HttpSession)
2018-05-18 12:34:22.954 [main] INFO  o.s.w.s.m.m.a.RequestMappingHandlerMapping - Mapped "{[/frame2/chartist2],methods=[GET]}" onto public java.lang.String com.i52soft.lscable.cms.controller.DefaultController.chartist2b()
2018-05-18 12:34:22.954 [main] INFO  o.s.w.s.m.m.a.RequestMappingHandlerMapping - Mapped "{[/frame2/circle],methods=[GET]}" onto public java.lang.String com.i52soft.lscable.cms.controller.DefaultController.circleb()
2018-05-18 12:34:22.954 [main] INFO  o.s.w.s.m.m.a.RequestMappingHandlerMapping - Mapped "{[/frame1/circle],methods=[GET]}" onto public java.lang.String com.i52soft.lscable.cms.controller.DefaultController.circle()
2018-05-18 12:34:22.954 [main] INFO  o.s.w.s.m.m.a.RequestMappingHandlerMapping - Mapped "{[/frame1/circle2],methods=[GET]}" onto public java.lang.String com.i52soft.lscable.cms.controller.DefaultController.circle2()
2018-05-18 12:34:22.954 [main] INFO  o.s.w.s.m.m.a.RequestMappingHandlerMapping - Mapped "{[/frame1/chartist2],methods=[GET]}" onto public java.lang.String com.i52soft.lscable.cms.controller.DefaultController.chartist2()
2018-05-18 12:34:22.954 [main] INFO  o.s.w.s.m.m.a.RequestMappingHandlerMapping - Mapped "{[/frame2/widget-alarm],methods=[GET]}" onto public org.springframework.web.servlet.ModelAndView com.i52soft.lscable.cms.controller.DefaultController.widgetalarm2(java.util.HashMap)
2018-05-18 12:34:22.955 [main] INFO  o.s.w.s.m.m.a.RequestMappingHandlerMapping - Mapped "{[/frame2/circle2],methods=[GET]}" onto public java.lang.String com.i52soft.lscable.cms.controller.DefaultController.circle2b()
2018-05-18 12:34:22.955 [main] INFO  o.s.w.s.m.m.a.RequestMappingHandlerMapping - Mapped "{[/frame2/donutchart],methods=[GET]}" onto public java.lang.String com.i52soft.lscable.cms.controller.DefaultController.donutchartb()
2018-05-18 12:34:22.955 [main] INFO  o.s.w.s.m.m.a.RequestMappingHandlerMapping - Mapped "{[/frame2/piechart],methods=[GET]}" onto public java.lang.String com.i52soft.lscable.cms.controller.DefaultController.piechartb()
2018-05-18 12:34:22.955 [main] INFO  o.s.w.s.m.m.a.RequestMappingHandlerMapping - Mapped "{[/cms/index],methods=[GET]}" onto public org.springframework.web.servlet.ModelAndView com.i52soft.lscable.cms.controller.DefaultController.cmsindex(javax.servlet.http.HttpSession)
2018-05-18 12:34:22.956 [main] INFO  o.s.w.s.m.m.a.RequestMappingHandlerMapping - Mapped "{[/cms/view],methods=[GET]}" onto public org.springframework.web.servlet.ModelAndView com.i52soft.lscable.cms.controller.DefaultController.cmsuserview(java.util.HashMap<java.lang.String, java.lang.String>)
2018-05-18 12:34:22.956 [main] INFO  o.s.w.s.m.m.a.RequestMappingHandlerMapping - Mapped "{[/setting/manage-widget],methods=[GET]}" onto public java.lang.String com.i52soft.lscable.cms.controller.DefaultController.managewidget()
2018-05-18 12:34:22.956 [main] INFO  o.s.w.s.m.m.a.RequestMappingHandlerMapping - Mapped "{[/frame1/devicetable],methods=[GET]}" onto public org.springframework.web.servlet.ModelAndView com.i52soft.lscable.cms.controller.DefaultController.devicetable()
2018-05-18 12:34:22.956 [main] INFO  o.s.w.s.m.m.a.RequestMappingHandlerMapping - Mapped "{[/frame1/deviceusage],methods=[GET]}" onto public org.springframework.web.servlet.ModelAndView com.i52soft.lscable.cms.controller.DefaultController.deviceusage()
2018-05-18 12:34:22.956 [main] INFO  o.s.w.s.m.m.a.RequestMappingHandlerMapping - Mapped "{[/frame1/widget-gauge],methods=[GET]}" onto public org.springframework.web.servlet.ModelAndView com.i52soft.lscable.cms.controller.DefaultController.widgetgauge(java.util.HashMap)
2018-05-18 12:34:22.957 [main] INFO  o.s.w.s.m.m.a.RequestMappingHandlerMapping - Mapped "{[/frame2/devicetable],methods=[GET]}" onto public org.springframework.web.servlet.ModelAndView com.i52soft.lscable.cms.controller.DefaultController.devicetableb()
2018-05-18 12:34:22.957 [main] INFO  o.s.w.s.m.m.a.RequestMappingHandlerMapping - Mapped "{[/frame2/chartist],methods=[GET]}" onto public java.lang.String com.i52soft.lscable.cms.controller.DefaultController.chartistb()
2018-05-18 12:34:22.962 [main] INFO  o.s.w.s.m.m.a.RequestMappingHandlerMapping - Mapped "{[/setting/view],methods=[GET]}" onto public java.lang.String com.i52soft.lscable.cms.controller.DefaultController.settingview(int,org.springframework.ui.Model)
2018-05-18 12:34:22.963 [main] INFO  o.s.w.s.m.m.a.RequestMappingHandlerMapping - Mapped "{[/setting2/view],methods=[GET]}" onto public java.lang.String com.i52soft.lscable.cms.controller.DefaultController.settingview2(int,org.springframework.ui.Model)
2018-05-18 12:34:22.963 [main] INFO  o.s.w.s.m.m.a.RequestMappingHandlerMapping - Mapped "{[/frame1/donutchart],methods=[GET]}" onto public java.lang.String com.i52soft.lscable.cms.controller.DefaultController.donutchart()
2018-05-18 12:34:22.963 [main] INFO  o.s.w.s.m.m.a.RequestMappingHandlerMapping - Mapped "{[/frame2/widget-gauge],methods=[GET]}" onto public org.springframework.web.servlet.ModelAndView com.i52soft.lscable.cms.controller.DefaultController.widgetgauge2(java.util.HashMap)
2018-05-18 12:34:22.964 [main] INFO  o.s.w.s.m.m.a.RequestMappingHandlerMapping - Mapped "{[/frame1/widget-alarm],methods=[GET]}" onto public org.springframework.web.servlet.ModelAndView com.i52soft.lscable.cms.controller.DefaultController.widgetalarm(java.util.HashMap)
2018-05-18 12:34:22.964 [main] INFO  o.s.w.s.m.m.a.RequestMappingHandlerMapping - Mapped "{[/setting2/main],methods=[GET]}" onto public org.springframework.web.servlet.ModelAndView com.i52soft.lscable.cms.controller.DefaultController.settingmain2(javax.servlet.http.HttpSession)
2018-05-18 12:34:22.964 [main] INFO  o.s.w.s.m.m.a.RequestMappingHandlerMapping - Mapped "{[/frame1/piechart],methods=[GET]}" onto public java.lang.String com.i52soft.lscable.cms.controller.DefaultController.piechart()
2018-05-18 12:34:22.964 [main] INFO  o.s.w.s.m.m.a.RequestMappingHandlerMapping - Mapped "{[/frame2/deviceusage],methods=[GET]}" onto public org.springframework.web.servlet.ModelAndView com.i52soft.lscable.cms.controller.DefaultController.deviceusageb()
2018-05-18 12:34:22.965 [main] INFO  o.s.w.s.m.m.a.RequestMappingHandlerMapping - Mapped "{[/frame2/event],methods=[GET]}" onto public org.springframework.web.servlet.ModelAndView com.i52soft.lscable.cms.controller.DefaultController.eventb()
2018-05-18 12:34:22.965 [main] INFO  o.s.w.s.m.m.a.RequestMappingHandlerMapping - Mapped "{[/frame1/chartist],methods=[GET]}" onto public java.lang.String com.i52soft.lscable.cms.controller.DefaultController.chartist()
2018-05-18 12:34:22.965 [main] INFO  o.s.w.s.m.m.a.RequestMappingHandlerMapping - Mapped "{[/ipam/index],methods=[GET]}" onto public org.springframework.web.servlet.ModelAndView com.i52soft.lscable.cms.controller.DefaultController.ipamindex()
2018-05-18 12:34:22.965 [main] INFO  o.s.w.s.m.m.a.RequestMappingHandlerMapping - Mapped "{[/cms2/index],methods=[GET]}" onto public org.springframework.web.servlet.ModelAndView com.i52soft.lscable.cms.controller.DefaultController.cmsindex2(javax.servlet.http.HttpSession)
2018-05-18 12:34:22.965 [main] INFO  o.s.w.s.m.m.a.RequestMappingHandlerMapping - Mapped "{[/ipam2/index],methods=[GET]}" onto public org.springframework.web.servlet.ModelAndView com.i52soft.lscable.cms.controller.DefaultController.ipamindex2()
2018-05-18 12:34:22.966 [main] INFO  o.s.w.s.m.m.a.RequestMappingHandlerMapping - Mapped "{[/ht/map-widget],methods=[GET]}" onto public java.lang.String com.i52soft.lscable.cms.controller.DefaultController.htmapwidget1()
2018-05-18 12:34:22.966 [main] INFO  o.s.w.s.m.m.a.RequestMappingHandlerMapping - Mapped "{[/cms2/view],methods=[GET]}" onto public org.springframework.web.servlet.ModelAndView com.i52soft.lscable.cms.controller.DefaultController.cmsuserview2(java.util.HashMap<java.lang.String, java.lang.String>)
2018-05-18 12:34:22.966 [main] INFO  o.s.w.s.m.m.a.RequestMappingHandlerMapping - Mapped "{[/ht-map-widget],methods=[GET]}" onto public java.lang.String com.i52soft.lscable.cms.controller.DefaultController.htmapwidget()
2018-05-18 12:34:22.966 [main] INFO  o.s.w.s.m.m.a.RequestMappingHandlerMapping - Mapped "{[/mainpage],methods=[GET]}" onto public org.springframework.web.servlet.ModelAndView com.i52soft.lscable.cms.controller.DefaultController.mainpage(javax.servlet.http.HttpSession)
2018-05-18 12:34:22.967 [main] INFO  o.s.w.s.m.m.a.RequestMappingHandlerMapping - Mapped "{[/setting/preview-layout],methods=[GET]}" onto public org.springframework.web.servlet.ModelAndView com.i52soft.lscable.cms.controller.DefaultController.settingpreviewlayout(java.util.HashMap)
2018-05-18 12:34:22.967 [main] INFO  o.s.w.s.m.m.a.RequestMappingHandlerMapping - Mapped "{[/frame1/widget-piechart],methods=[GET]}" onto public org.springframework.web.servlet.ModelAndView com.i52soft.lscable.cms.controller.DefaultController.widgetpiechart(java.util.HashMap)
2018-05-18 12:34:22.967 [main] INFO  o.s.w.s.m.m.a.RequestMappingHandlerMapping - Mapped "{[/frame1/widget-minmaxavg],methods=[GET]}" onto public org.springframework.web.servlet.ModelAndView com.i52soft.lscable.cms.controller.DefaultController.widgetminmaxavg(java.util.HashMap)
2018-05-18 12:34:22.967 [main] INFO  o.s.w.s.m.m.a.RequestMappingHandlerMapping - Mapped "{[/frame1/widget-availability],methods=[GET]}" onto public org.springframework.web.servlet.ModelAndView com.i52soft.lscable.cms.controller.DefaultController.widgetavailability(java.util.HashMap)
2018-05-18 12:34:22.968 [main] INFO  o.s.w.s.m.m.a.RequestMappingHandlerMapping - Mapped "{[/dashboard-frame2],methods=[GET]}" onto public org.springframework.web.servlet.ModelAndView com.i52soft.lscable.cms.controller.DefaultController.dashboardframe2()
2018-05-18 12:34:22.968 [main] INFO  o.s.w.s.m.m.a.RequestMappingHandlerMapping - Mapped "{[/frame1/widget-linechart],methods=[GET]}" onto public org.springframework.web.servlet.ModelAndView com.i52soft.lscable.cms.controller.DefaultController.widgetlinechart(java.util.HashMap)
2018-05-18 12:34:22.968 [main] INFO  o.s.w.s.m.m.a.RequestMappingHandlerMapping - Mapped "{[/setting/system],methods=[GET]}" onto public java.lang.String com.i52soft.lscable.cms.controller.DefaultController.settingsystem()
2018-05-18 12:34:22.968 [main] INFO  o.s.w.s.m.m.a.RequestMappingHandlerMapping - Mapped "{[/setting2/preview-layout],methods=[GET]}" onto public org.springframework.web.servlet.ModelAndView com.i52soft.lscable.cms.controller.DefaultController.setting2previewlayout(java.util.HashMap)
2018-05-18 12:34:22.968 [main] INFO  o.s.w.s.m.m.a.RequestMappingHandlerMapping - Mapped "{[/frame1/widget-scatter],methods=[GET]}" onto public org.springframework.web.servlet.ModelAndView com.i52soft.lscable.cms.controller.DefaultController.widgetscatter(java.util.HashMap)
2018-05-18 12:34:22.969 [main] INFO  o.s.w.s.m.m.a.RequestMappingHandlerMapping - Mapped "{[/frame1/RecentAlarmList],methods=[GET]}" onto public java.lang.String com.i52soft.lscable.cms.controller.DefaultController.RecentAlarmList()
2018-05-18 12:34:22.969 [main] INFO  o.s.w.s.m.m.a.RequestMappingHandlerMapping - Mapped "{[/frame2/widget-piechart],methods=[GET]}" onto public org.springframework.web.servlet.ModelAndView com.i52soft.lscable.cms.controller.DefaultController.widgetpiechart2(java.util.HashMap)
2018-05-18 12:34:22.969 [main] INFO  o.s.w.s.m.m.a.RequestMappingHandlerMapping - Mapped "{[/frame2/widget-gridtable],methods=[GET]}" onto public org.springframework.web.servlet.ModelAndView com.i52soft.lscable.cms.controller.DefaultController.widgetgridtable2(java.util.HashMap)
2018-05-18 12:34:22.969 [main] INFO  o.s.w.s.m.m.a.RequestMappingHandlerMapping - Mapped "{[/setting2/manage-widget],methods=[GET]}" onto public java.lang.String com.i52soft.lscable.cms.controller.DefaultController.managewidget2()
2018-05-18 12:34:22.969 [main] INFO  o.s.w.s.m.m.a.RequestMappingHandlerMapping - Mapped "{[/main-widgetMap],methods=[GET]}" onto public java.lang.String com.i52soft.lscable.cms.controller.DefaultController.mainwidgetMap()
2018-05-18 12:34:22.969 [main] INFO  o.s.w.s.m.m.a.RequestMappingHandlerMapping - Mapped "{[/setting2/system],methods=[GET]}" onto public java.lang.String com.i52soft.lscable.cms.controller.DefaultController.settingsystem2()
2018-05-18 12:34:22.970 [main] INFO  o.s.w.s.m.m.a.RequestMappingHandlerMapping - Mapped "{[/dashboard-frame1],methods=[GET]}" onto public org.springframework.web.servlet.ModelAndView com.i52soft.lscable.cms.controller.DefaultController.dashboardframe1()
2018-05-18 12:34:22.970 [main] INFO  o.s.w.s.m.m.a.RequestMappingHandlerMapping - Mapped "{[/frame1/widget-gridtable],methods=[GET]}" onto public org.springframework.web.servlet.ModelAndView com.i52soft.lscable.cms.controller.DefaultController.widgetgridtable(java.util.HashMap)
2018-05-18 12:34:22.970 [main] INFO  o.s.w.s.m.m.a.RequestMappingHandlerMapping - Mapped "{[/frame1/widget-donutchart],methods=[GET]}" onto public org.springframework.web.servlet.ModelAndView com.i52soft.lscable.cms.controller.DefaultController.widgetdonutchart(java.util.HashMap)
2018-05-18 12:34:22.970 [main] INFO  o.s.w.s.m.m.a.RequestMappingHandlerMapping - Mapped "{[/ht/viewing-site-floor-map],methods=[GET]}" onto public java.lang.String com.i52soft.lscable.cms.controller.DefaultController.viewingsitefloormap()
2018-05-18 12:34:22.970 [main] INFO  o.s.w.s.m.m.a.RequestMappingHandlerMapping - Mapped "{[/ht/managing-catalog],methods=[GET]}" onto public java.lang.String com.i52soft.lscable.cms.controller.DefaultController.htmanagingcatalog()
2018-05-18 12:34:22.970 [main] INFO  o.s.w.s.m.m.a.RequestMappingHandlerMapping - Mapped "{[/ht/PP_CSV_Validator],methods=[GET]}" onto public java.lang.String com.i52soft.lscable.cms.controller.DefaultController.ppcsvvalidator()
2018-05-18 12:34:22.971 [main] INFO  o.s.w.s.m.m.a.RequestMappingHandlerMapping - Mapped "{[/ht/building-patch-panel],methods=[GET]}" onto public java.lang.String com.i52soft.lscable.cms.controller.DefaultController.htbuildingpatchpanel()
2018-05-18 12:34:22.971 [main] INFO  o.s.w.s.m.m.a.RequestMappingHandlerMapping - Mapped "{[/frame2/widget-linechart],methods=[GET]}" onto public org.springframework.web.servlet.ModelAndView com.i52soft.lscable.cms.controller.DefaultController.widgetlinechart2(java.util.HashMap)
2018-05-18 12:34:22.971 [main] INFO  o.s.w.s.m.m.a.RequestMappingHandlerMapping - Mapped "{[/ht/building-layout],methods=[GET]}" onto public java.lang.String com.i52soft.lscable.cms.controller.DefaultController.htbuildinglayout()
2018-05-18 12:34:22.971 [main] INFO  o.s.w.s.m.m.a.RequestMappingHandlerMapping - Mapped "{[/ht/viewing-site-tree],methods=[GET]}" onto public java.lang.String com.i52soft.lscable.cms.controller.DefaultController.viewingsitetree()
2018-05-18 12:34:22.971 [main] INFO  o.s.w.s.m.m.a.RequestMappingHandlerMapping - Mapped "{[/frame2/widget-minmaxavg],methods=[GET]}" onto public org.springframework.web.servlet.ModelAndView com.i52soft.lscable.cms.controller.DefaultController.widgetminmaxavg2(java.util.HashMap)
2018-05-18 12:34:22.971 [main] INFO  o.s.w.s.m.m.a.RequestMappingHandlerMapping - Mapped "{[/ht/viewing-layout],methods=[GET]}" onto public java.lang.String com.i52soft.lscable.cms.controller.DefaultController.htviewinglayout()
2018-05-18 12:34:22.972 [main] INFO  o.s.w.s.m.m.a.RequestMappingHandlerMapping - Mapped "{[/ht/preview-map-widget],methods=[GET]}" onto public java.lang.String com.i52soft.lscable.cms.controller.DefaultController.htpreviewmapwidget()
2018-05-18 12:34:22.972 [main] INFO  o.s.w.s.m.m.a.RequestMappingHandlerMapping - Mapped "{[/frame2/widget-availability],methods=[GET]}" onto public org.springframework.web.servlet.ModelAndView com.i52soft.lscable.cms.controller.DefaultController.widgetavailability2(java.util.HashMap)
2018-05-18 12:34:22.972 [main] INFO  o.s.w.s.m.m.a.RequestMappingHandlerMapping - Mapped "{[/frame2/RecentAlarmList],methods=[GET]}" onto public java.lang.String com.i52soft.lscable.cms.controller.DefaultController.RecentAlarmListb()
2018-05-18 12:34:22.972 [main] INFO  o.s.w.s.m.m.a.RequestMappingHandlerMapping - Mapped "{[/frame2/widget-scatter],methods=[GET]}" onto public org.springframework.web.servlet.ModelAndView com.i52soft.lscable.cms.controller.DefaultController.widgetscatter2(java.util.HashMap)
2018-05-18 12:34:22.972 [main] INFO  o.s.w.s.m.m.a.RequestMappingHandlerMapping - Mapped "{[/ht/building-site-tree],methods=[GET]}" onto public java.lang.String com.i52soft.lscable.cms.controller.DefaultController.htbuildingsitetree()
2018-05-18 12:34:22.972 [main] INFO  o.s.w.s.m.m.a.RequestMappingHandlerMapping - Mapped "{[/frame2/widget-donutchart],methods=[GET]}" onto public org.springframework.web.servlet.ModelAndView com.i52soft.lscable.cms.controller.DefaultController.widgetdonutchart2(java.util.HashMap)
2018-05-18 12:34:22.972 [main] INFO  o.s.w.s.m.m.a.RequestMappingHandlerMapping - Mapped "{[/ht/viewing-map-widget],methods=[GET]}" onto public java.lang.String com.i52soft.lscable.cms.controller.DefaultController.htviewingmapwidget()
2018-05-18 12:34:22.987 [main] INFO  o.s.w.s.m.m.a.RequestMappingHandlerMapping - Mapped "{[/api/htbackend/getAuthList],methods=[GET]}" onto public java.util.List<java.util.HashMap> com.i52soft.lscable.cms.controller.HTBackendRestController.getAuthList(java.lang.Integer)
2018-05-18 12:34:22.988 [main] INFO  o.s.w.s.m.m.a.RequestMappingHandlerMapping - Mapped "{[/api/htbackend/scanNetwork/{networkid}],methods=[GET]}" onto public java.lang.String com.i52soft.lscable.cms.controller.HTBackendRestController.scanNetwork(int)
2018-05-18 12:34:22.988 [main] INFO  o.s.w.s.m.m.a.RequestMappingHandlerMapping - Mapped "{[/api/htbackend/getAuthList2],methods=[GET]}" onto public java.util.List<java.util.HashMap> com.i52soft.lscable.cms.controller.HTBackendRestController.getAuthList2(java.lang.Integer)
2018-05-18 12:34:22.988 [main] INFO  o.s.w.s.m.m.a.RequestMappingHandlerMapping - Mapped "{[/api/htbackend/getIPAddress],methods=[GET]}" onto public java.util.List<java.util.HashMap> com.i52soft.lscable.cms.controller.HTBackendRestController.getIPAddress()
2018-05-18 12:34:22.988 [main] INFO  o.s.w.s.m.m.a.RequestMappingHandlerMapping - Mapped "{[/api/htbackend/getL3Gateway],methods=[GET]}" onto public java.util.List<java.util.HashMap> com.i52soft.lscable.cms.controller.HTBackendRestController.getL3Gateway(java.lang.String)
2018-05-18 12:34:22.989 [main] INFO  o.s.w.s.m.m.a.RequestMappingHandlerMapping - Mapped "{[/api/htbackend/getCableIcon],methods=[GET]}" onto public java.util.List<java.util.HashMap> com.i52soft.lscable.cms.controller.HTBackendRestController.getCableIcon()
2018-05-18 12:34:22.989 [main] INFO  o.s.w.s.m.m.a.RequestMappingHandlerMapping - Mapped "{[/api/htbackend/getL2Switch],methods=[GET]}" onto public java.util.List<java.util.HashMap> com.i52soft.lscable.cms.controller.HTBackendRestController.getL2Switch(java.lang.String)
2018-05-18 12:34:22.989 [main] INFO  o.s.w.s.m.m.a.RequestMappingHandlerMapping - Mapped "{[/api/htbackend/getAllRegion],methods=[GET]}" onto public java.util.List<java.util.HashMap> com.i52soft.lscable.cms.controller.HTBackendRestController.getAllRegion()
2018-05-18 12:34:22.989 [main] INFO  o.s.w.s.m.m.a.RequestMappingHandlerMapping - Mapped "{[/htbackend/getCMSSite],methods=[GET]}" onto public java.util.List<java.util.HashMap> com.i52soft.lscable.cms.controller.HTBackendRestController.getCMSSite(javax.servlet.http.HttpSession)
2018-05-18 12:34:22.989 [main] INFO  o.s.w.s.m.m.a.RequestMappingHandlerMapping - Mapped "{[/api/htbackend/getNetwork],methods=[GET]}" onto public java.util.List<java.util.HashMap> com.i52soft.lscable.cms.controller.HTBackendRestController.getNetwork()
2018-05-18 12:34:22.990 [main] INFO  o.s.w.s.m.m.a.RequestMappingHandlerMapping - Mapped "{[/api/htbackend/updateRegion],methods=[POST]}" onto public com.i52soft.lscable.cms.domain.RegionVO com.i52soft.lscable.cms.controller.HTBackendRestController.updateRegion(com.i52soft.lscable.cms.domain.RegionVO)
2018-05-18 12:34:22.990 [main] INFO  o.s.w.s.m.m.a.RequestMappingHandlerMapping - Mapped "{[/api/htbackend/addRegion],methods=[POST]}" onto public com.i52soft.lscable.cms.domain.RegionVO com.i52soft.lscable.cms.controller.HTBackendRestController.addRegion(com.i52soft.lscable.cms.domain.RegionVO)
2018-05-18 12:34:22.990 [main] INFO  o.s.w.s.m.m.a.RequestMappingHandlerMapping - Mapped "{[/api/htbackend/deleteRegion/{id}],methods=[GET]}" onto public java.lang.String com.i52soft.lscable.cms.controller.HTBackendRestController.deleteRegion(int)
2018-05-18 12:34:22.996 [main] INFO  o.s.w.s.m.m.a.RequestMappingHandlerMapping - Mapped "{[/api/htbackend/getEndUser],methods=[GET]}" onto public java.util.List<java.util.HashMap> com.i52soft.lscable.cms.controller.HTBackendRestController.getEndUser()
2018-05-18 12:34:22.996 [main] INFO  o.s.w.s.m.m.a.RequestMappingHandlerMapping - Mapped "{[/api/htbackend/getCIList],methods=[GET]}" onto public java.util.List<java.util.HashMap> com.i52soft.lscable.cms.controller.HTBackendRestController.getCIList()
2018-05-18 12:34:22.996 [main] INFO  o.s.w.s.m.m.a.RequestMappingHandlerMapping - Mapped "{[/api/htbackend/getSubRegion/{parent_region} || /api/htbackend/getSubRegion/ || /api/htbackend/getSubRegion],methods=[GET]}" onto public java.util.List<java.util.HashMap> com.i52soft.lscable.cms.controller.HTBackendRestController.getSubRegion(java.lang.Integer)
2018-05-18 12:34:22.997 [main] INFO  o.s.w.s.m.m.a.RequestMappingHandlerMapping - Mapped "{[/api/htbackend/removeSite/{siteid}],methods=[GET]}" onto public int com.i52soft.lscable.cms.controller.HTBackendRestController.removeSite(int)
2018-05-18 12:34:22.997 [main] INFO  o.s.w.s.m.m.a.RequestMappingHandlerMapping - Mapped "{[/api/htbackend/removeNode/{nodeid}],methods=[GET]}" onto public int com.i52soft.lscable.cms.controller.HTBackendRestController.removeNode(int)
2018-05-18 12:34:22.997 [main] INFO  o.s.w.s.m.m.a.RequestMappingHandlerMapping - Mapped "{[/api/htbackend/getAvailableWidgetForLayoutSize/{layoutsize}],methods=[GET]}" onto public java.util.List<java.util.HashMap> com.i52soft.lscable.cms.controller.HTBackendRestController.getAvailableWidgetForLayoutSize(java.lang.String)
2018-05-18 12:34:22.997 [main] INFO  o.s.w.s.m.m.a.RequestMappingHandlerMapping - Mapped "{[/api/htbackend/deleteWidgetForBuildingLayout/{id}],methods=[GET]}" onto public int com.i52soft.lscable.cms.controller.HTBackendRestController.deleteWidgetForBuildingLayout(int)
2018-05-18 12:34:22.997 [main] INFO  o.s.w.s.m.m.a.RequestMappingHandlerMapping - Mapped "{[/api/htbackend/getAvailableLayoutForBuildingLayout2],methods=[GET]}" onto public java.util.List<java.util.HashMap> com.i52soft.lscable.cms.controller.HTBackendRestController.getAvailableLayoutForBuildingLayout2()
2018-05-18 12:34:22.998 [main] INFO  o.s.w.s.m.m.a.RequestMappingHandlerMapping - Mapped "{[/api/htbackend/insertWidgetForBuildingLayout],methods=[POST]}" onto public com.i52soft.lscable.cms.domain.SampleWidgetVO2 com.i52soft.lscable.cms.controller.HTBackendRestController.insertWidgetForBuildingLayout(com.i52soft.lscable.cms.domain.SampleWidgetVO2)
2018-05-18 12:34:22.998 [main] INFO  o.s.w.s.m.m.a.RequestMappingHandlerMapping - Mapped "{[/api/htbackend/getAvailableWidgetForBuildingLayout],methods=[GET]}" onto public java.util.List<com.i52soft.lscable.cms.domain.SampleWidgetVO> com.i52soft.lscable.cms.controller.HTBackendRestController.getAvailableWidgetForBuildingLayout()
2018-05-18 12:34:22.998 [main] INFO  o.s.w.s.m.m.a.RequestMappingHandlerMapping - Mapped "{[/api/htbackend/getAvailableLayoutForBuildingLayout],methods=[GET]}" onto public java.util.List<java.lang.String> com.i52soft.lscable.cms.controller.HTBackendRestController.getAvailableLayoutForBuildingLayout()
2018-05-18 12:34:22.998 [main] INFO  o.s.w.s.m.m.a.RequestMappingHandlerMapping - Mapped "{[/api/htbackend/saveLinkageConnectionDetailOld],methods=[POST]}" onto public com.i52soft.lscable.cms.domain.LinkageConnectionVO com.i52soft.lscable.cms.controller.HTBackendRestController.saveLinkageConnectionDetailOld(com.i52soft.lscable.cms.domain.LinkageConnectionVO)
2018-05-18 12:34:22.998 [main] INFO  o.s.w.s.m.m.a.RequestMappingHandlerMapping - Mapped "{[/api/htbackend/getLinkageConnectionModelData/{nodeid}],methods=[GET]}" onto public java.util.HashMap<java.lang.String, java.lang.Object> com.i52soft.lscable.cms.controller.HTBackendRestController.getLinkageConnectionModelData(int)
2018-05-18 12:34:22.999 [main] INFO  o.s.w.s.m.m.a.RequestMappingHandlerMapping - Mapped "{[/api/htbackend/getLinkageConnectionModelDataOld/{nodeid}],methods=[GET]}" onto public java.util.List<java.util.HashMap> com.i52soft.lscable.cms.controller.HTBackendRestController.getLinkageConnectionModelDataOld(int)
2018-05-18 12:34:22.999 [main] INFO  o.s.w.s.m.m.a.RequestMappingHandlerMapping - Mapped "{[/api/htbackend/getMainpageWidgetTypeIDByName/{typename}],methods=[GET]}" onto public java.lang.Integer com.i52soft.lscable.cms.controller.HTBackendRestController.getMainpageWidgetTypeIDByName(java.lang.String)
2018-05-18 12:34:22.999 [main] INFO  o.s.w.s.m.m.a.RequestMappingHandlerMapping - Mapped "{[/api/htbackend/getSystemUser],methods=[GET]}" onto public java.util.List<java.util.HashMap> com.i52soft.lscable.cms.controller.HTBackendRestController.getSystemUser()
2018-05-18 12:34:22.999 [main] INFO  o.s.w.s.m.m.a.RequestMappingHandlerMapping - Mapped "{[/api/htbackend/getMainPageLayoutDetail/{mainpageid}],methods=[GET]}" onto public java.lang.String com.i52soft.lscable.cms.controller.HTBackendRestController.getMainPageLayoutDetail(int)
2018-05-18 12:34:22.999 [main] INFO  o.s.w.s.m.m.a.RequestMappingHandlerMapping - Mapped "{[/api/htbackend/getManufacturer],methods=[GET]}" onto public java.util.List<java.util.HashMap> com.i52soft.lscable.cms.controller.HTBackendRestController.getManufacturer()
2018-05-18 12:34:23.000 [main] INFO  o.s.w.s.m.m.a.RequestMappingHandlerMapping - Mapped "{[/api/htbackend/getAllWidgetTypeForSize/{layoutsize}],methods=[GET]}" onto public java.util.List<java.util.HashMap> com.i52soft.lscable.cms.controller.HTBackendRestController.getAllWidgetTypeForSize(java.lang.String)
2018-05-18 12:34:23.000 [main] INFO  o.s.w.s.m.m.a.RequestMappingHandlerMapping - Mapped "{[/api/htbackend/getWidgetTypeForMainPage],methods=[GET]}" onto public java.util.List<java.util.HashMap> com.i52soft.lscable.cms.controller.HTBackendRestController.getWidgetTypeForMainPage()
2018-05-18 12:34:23.000 [main] INFO  o.s.w.s.m.m.a.RequestMappingHandlerMapping - Mapped "{[/api/htbackend/getOPMDeviceType],methods=[GET]}" onto public java.lang.String com.i52soft.lscable.cms.controller.HTBackendRestController.getOPMDeviceType(javax.servlet.http.HttpSession)
2018-05-18 12:34:23.000 [main] INFO  o.s.w.s.m.m.a.RequestMappingHandlerMapping - Mapped "{[/api/htbackend/searchDeviceListForMapWidget/{category} || /api/htbackend/searchDeviceListForMapWidget/ || /api/htbackend/searchDeviceListForMapWidget],methods=[GET]}" onto public java.lang.String com.i52soft.lscable.cms.controller.HTBackendRestController.searchDeviceListForMapWidget(javax.servlet.http.HttpSession,java.lang.String,java.lang.String)
2018-05-18 12:34:23.000 [main] INFO  o.s.w.s.m.m.a.RequestMappingHandlerMapping - Mapped "{[/api/htbackend/updateSystemUser/{systemuserid}],methods=[POST]}" onto public com.i52soft.lscable.cms.domain.SystemUserVO com.i52soft.lscable.cms.controller.HTBackendRestController.updateSystemUser(int,com.i52soft.lscable.cms.domain.SystemUserVO)
2018-05-18 12:34:23.001 [main] INFO  o.s.w.s.m.m.a.RequestMappingHandlerMapping - Mapped "{[/api/htbackend/updateProduct/{productid}],methods=[POST]}" onto public com.i52soft.lscable.cms.domain.ProductVO com.i52soft.lscable.cms.controller.HTBackendRestController.updateProduct(int,com.i52soft.lscable.cms.domain.ProductVO)
2018-05-18 12:34:23.001 [main] INFO  o.s.w.s.m.m.a.RequestMappingHandlerMapping - Mapped "{[/api/htbackend/updateEndUser/{enduserid}],methods=[POST]}" onto public com.i52soft.lscable.cms.domain.EndUserVO com.i52soft.lscable.cms.controller.HTBackendRestController.updateEndUser(int,com.i52soft.lscable.cms.domain.EndUserVO)
2018-05-18 12:34:23.001 [main] INFO  o.s.w.s.m.m.a.RequestMappingHandlerMapping - Mapped "{[/api/htbackend/getAvailableNodeTypeAllInOne],methods=[GET]}" onto public java.util.List<java.util.HashMap> com.i52soft.lscable.cms.controller.HTBackendRestController.getAvailableNodeTypeAllInOne()
2018-05-18 12:34:23.001 [main] INFO  o.s.w.s.m.m.a.RequestMappingHandlerMapping - Mapped "{[/api/htbackend/getAlarmStatusOfMapWidget/{id} || /api/htbackend/getAlarmStatusOfMapWidget/ || /api/htbackend/getAlarmStatusOfMapWidget],methods=[GET]}" onto public java.util.List<java.util.HashMap> com.i52soft.lscable.cms.controller.HTBackendRestController.getAlarmStatusOfMapWidget(java.lang.Integer)
2018-05-18 12:34:23.002 [main] INFO  o.s.w.s.m.m.a.RequestMappingHandlerMapping - Mapped "{[/api/htbackend/checkDuplicateName],methods=[GET]}" onto public java.util.List<java.util.HashMap> com.i52soft.lscable.cms.controller.HTBackendRestController.checkDuplicateName(int,java.lang.String)
2018-05-18 12:34:23.002 [main] INFO  o.s.w.s.m.m.a.RequestMappingHandlerMapping - Mapped "{[/api/htbackend/saveProductTree],methods=[POST]}" onto public void com.i52soft.lscable.cms.controller.HTBackendRestController.saveProductTree(java.lang.String)
2018-05-18 12:34:23.002 [main] INFO  o.s.w.s.m.m.a.RequestMappingHandlerMapping - Mapped "{[/api/htbackend/registerProduct],methods=[POST]}" onto public com.i52soft.lscable.cms.domain.ProductVO com.i52soft.lscable.cms.controller.HTBackendRestController.registerProduct(com.i52soft.lscable.cms.domain.ProductVO)
2018-05-18 12:34:23.002 [main] INFO  o.s.w.s.m.m.a.RequestMappingHandlerMapping - Mapped "{[/api/htbackend/getMapWidgetModelData/{id}],methods=[GET]}" onto public java.util.List<java.util.HashMap> com.i52soft.lscable.cms.controller.HTBackendRestController.getMapWidgetModelData(int)
2018-05-18 12:34:23.002 [main] INFO  o.s.w.s.m.m.a.RequestMappingHandlerMapping - Mapped "{[/api/htbackend/getProductMapIcon],methods=[GET]}" onto public java.util.List<java.util.HashMap> com.i52soft.lscable.cms.controller.HTBackendRestController.getProductMapIcon()
2018-05-18 12:34:23.003 [main] INFO  o.s.w.s.m.m.a.RequestMappingHandlerMapping - Mapped "{[/api/htbackend/getProductInfoByTypeName/{type}],methods=[GET]}" onto public java.util.List<java.util.HashMap> com.i52soft.lscable.cms.controller.HTBackendRestController.getProductInfoByTypeName(java.lang.String)
2018-05-18 12:34:23.003 [main] INFO  o.s.w.s.m.m.a.RequestMappingHandlerMapping - Mapped "{[/api/htbackend/getSiteTreeModelData/{siteid}],methods=[GET]}" onto public java.util.List<java.util.HashMap> com.i52soft.lscable.cms.controller.HTBackendRestController.getSiteTreeModelData(int)
2018-05-18 12:34:23.003 [main] INFO  o.s.w.s.m.m.a.RequestMappingHandlerMapping - Mapped "{[/api/htbackend/deleteEndUser/{enduserid}],methods=[GET]}" onto public int com.i52soft.lscable.cms.controller.HTBackendRestController.deleteEndUser(int)
2018-05-18 12:34:23.003 [main] INFO  o.s.w.s.m.m.a.RequestMappingHandlerMapping - Mapped "{[/api/htbackend/registerCMSSiteRoot],methods=[POST]}" onto public com.i52soft.lscable.cms.domain.SiteTreeNodeVO com.i52soft.lscable.cms.controller.HTBackendRestController.registerCMSSiteRoot(com.i52soft.lscable.cms.domain.SiteTreeNodeVO)
2018-05-18 12:34:23.003 [main] INFO  o.s.w.s.m.m.a.RequestMappingHandlerMapping - Mapped "{[/api/htbackend/getSiteDetail/{siteid}],methods=[GET]}" onto public java.util.List<java.util.HashMap> com.i52soft.lscable.cms.controller.HTBackendRestController.getSiteDetail(int)
2018-05-18 12:34:23.004 [main] INFO  o.s.w.s.m.m.a.RequestMappingHandlerMapping - Mapped "{[/api/htbackend/checkDuplicateSystemUserId/{id}],methods=[GET]}" onto public java.util.List<java.util.HashMap> com.i52soft.lscable.cms.controller.HTBackendRestController.checkDuplicateSystemUserId(java.lang.String)
2018-05-18 12:34:23.004 [main] INFO  o.s.w.s.m.m.a.RequestMappingHandlerMapping - Mapped "{[/api/htbackend/registerProduct2],methods=[POST]}" onto public com.i52soft.lscable.cms.domain.ProductVO com.i52soft.lscable.cms.controller.HTBackendRestController.registerProduct2(com.i52soft.lscable.cms.domain.ProductVO)
2018-05-18 12:34:23.004 [main] INFO  o.s.w.s.m.m.a.RequestMappingHandlerMapping - Mapped "{[/api/htbackend/deleteAllEndUser],methods=[GET]}" onto public int com.i52soft.lscable.cms.controller.HTBackendRestController.deleteAllEndUser()
2018-05-18 12:34:23.004 [main] INFO  o.s.w.s.m.m.a.RequestMappingHandlerMapping - Mapped "{[/api/htbackend/createCMSSite],methods=[POST]}" onto public com.i52soft.lscable.cms.domain.CMSSiteVO com.i52soft.lscable.cms.controller.HTBackendRestController.registerCMSSite(com.i52soft.lscable.cms.domain.CMSSiteVO)
2018-05-18 12:34:23.004 [main] INFO  o.s.w.s.m.m.a.RequestMappingHandlerMapping - Mapped "{[/api/htbackend/getImagesForProduct/{id}],methods=[GET]}" onto public java.util.List<java.util.HashMap> com.i52soft.lscable.cms.controller.HTBackendRestController.getImagesForProduct(int)
2018-05-18 12:34:23.005 [main] INFO  o.s.w.s.m.m.a.RequestMappingHandlerMapping - Mapped "{[/api/htbackend/getProductInfo/{type}],methods=[GET]}" onto public java.util.List<java.util.HashMap> com.i52soft.lscable.cms.controller.HTBackendRestController.getProductInfo(int)
2018-05-18 12:34:23.005 [main] INFO  o.s.w.s.m.m.a.RequestMappingHandlerMapping - Mapped "{[/api/htbackend/updateMainPageLayout2/{id}],methods=[POST]}" onto public com.i52soft.lscable.cms.domain.MainPageLayoutVO com.i52soft.lscable.cms.controller.HTBackendRestController.updateMainPageLayout2(int,com.i52soft.lscable.cms.domain.MainPageLayoutVO)
2018-05-18 12:34:23.005 [main] INFO  o.s.w.s.m.m.a.RequestMappingHandlerMapping - Mapped "{[/api/htbackend/addManufacturer],methods=[POST]}" onto public com.i52soft.lscable.cms.domain.RegionVO com.i52soft.lscable.cms.controller.HTBackendRestController.addManufacturer(com.i52soft.lscable.cms.domain.RegionVO)
2018-05-18 12:34:23.005 [main] INFO  o.s.w.s.m.m.a.RequestMappingHandlerMapping - Mapped "{[/api/htbackend/getSampleWidgetPreviewImage/{samplewidgetid}],methods=[GET]}" onto public java.util.List<com.i52soft.lscable.cms.domain.SampleWidgetVO> com.i52soft.lscable.cms.controller.HTBackendRestController.getSampleWidgetPreviewImage(int)
2018-05-18 12:34:23.005 [main] INFO  o.s.w.s.m.m.a.RequestMappingHandlerMapping - Mapped "{[/api/htbackend/getOPMDeviceList/{category} || /api/htbackend/getOPMDeviceList/ || /api/htbackend/getOPMDeviceList],methods=[GET]}" onto public java.lang.String com.i52soft.lscable.cms.controller.HTBackendRestController.getOPMDeviceList(javax.servlet.http.HttpSession,java.lang.String)
2018-05-18 12:34:23.006 [main] INFO  o.s.w.s.m.m.a.RequestMappingHandlerMapping - Mapped "{[/api/htbackend/updateManufacturer],methods=[POST]}" onto public com.i52soft.lscable.cms.domain.RegionVO com.i52soft.lscable.cms.controller.HTBackendRestController.updateManufacturer(com.i52soft.lscable.cms.domain.RegionVO)
2018-05-18 12:34:23.006 [main] INFO  o.s.w.s.m.m.a.RequestMappingHandlerMapping - Mapped "{[/api/htbackend/saveMapWidgetOnly/{id} || /api/htbackend/saveMapWidgetOnly/ || /api/htbackend/saveMapWidgetOnly],methods=[POST]}" onto public com.i52soft.lscable.cms.domain.MapWidgetVO com.i52soft.lscable.cms.controller.HTBackendRestController.saveMapWidgetOnly(java.lang.Integer,com.i52soft.lscable.cms.domain.MapWidgetVO)
2018-05-18 12:34:23.006 [main] INFO  o.s.w.s.m.m.a.RequestMappingHandlerMapping - Mapped "{[/api/htbackend/deleteProduct/{productid}],methods=[GET]}" onto public int com.i52soft.lscable.cms.controller.HTBackendRestController.deleteProduct(int)
2018-05-18 12:34:23.006 [main] INFO  o.s.w.s.m.m.a.RequestMappingHandlerMapping - Mapped "{[/api/htbackend/saveMapWidget/{id} || /api/htbackend/saveMapWidget/ || /api/htbackend/saveMapWidget],methods=[POST]}" onto public com.i52soft.lscable.cms.domain.MapWidgetVO com.i52soft.lscable.cms.controller.HTBackendRestController.saveMapWidget(java.lang.Integer,com.i52soft.lscable.cms.domain.MapWidgetVO)
2018-05-18 12:34:23.006 [main] INFO  o.s.w.s.m.m.a.RequestMappingHandlerMapping - Mapped "{[/api/htbackend/registerBulkEndUser],methods=[POST]}" onto public java.util.List<com.i52soft.lscable.cms.domain.EndUserVO> com.i52soft.lscable.cms.controller.HTBackendRestController.registerBulkEndUser(java.util.List<com.i52soft.lscable.cms.domain.EndUserVO>)
2018-05-18 12:34:23.007 [main] INFO  o.s.w.s.m.m.a.RequestMappingHandlerMapping - Mapped "{[/api/htbackend/deleteSystemUser/{systemuserid}],methods=[GET]}" onto public int com.i52soft.lscable.cms.controller.HTBackendRestController.deleteSystemUser(javax.servlet.http.HttpSession,int)
2018-05-18 12:34:23.007 [main] INFO  o.s.w.s.m.m.a.RequestMappingHandlerMapping - Mapped "{[/api/htbackend/saveSiteDetail],methods=[POST]}" onto public com.i52soft.lscable.cms.domain.CMSSiteVO com.i52soft.lscable.cms.controller.HTBackendRestController.saveSiteDetail(com.i52soft.lscable.cms.domain.CMSSiteVO)
2018-05-18 12:34:23.007 [main] INFO  o.s.w.s.m.m.a.RequestMappingHandlerMapping - Mapped "{[/api/htbackend/deleteManufacturer/{id}],methods=[GET]}" onto public int com.i52soft.lscable.cms.controller.HTBackendRestController.deleteManufacturer(int)
2018-05-18 12:34:23.007 [main] INFO  o.s.w.s.m.m.a.RequestMappingHandlerMapping - Mapped "{[/api/htbackend/saveSiteTreeModelData/{siteid}],methods=[POST]}" onto public int com.i52soft.lscable.cms.controller.HTBackendRestController.saveSiteTreeModelData(int,java.lang.String)
2018-05-18 12:34:23.007 [main] INFO  o.s.w.s.m.m.a.RequestMappingHandlerMapping - Mapped "{[/api/htbackend/resyncWithNMS/{nodeid}],methods=[POST]}" onto public com.i52soft.lscable.cms.domain.SiteTreeNodeVO com.i52soft.lscable.cms.controller.HTBackendRestController.resyncWithNMS(java.lang.Integer,com.i52soft.lscable.cms.domain.SiteTreeNodeVO)
2018-05-18 12:34:23.008 [main] INFO  o.s.w.s.m.m.a.RequestMappingHandlerMapping - Mapped "{[/api/htbackend/updateCMSSiteRoot/{siteid}],methods=[POST]}" onto public int com.i52soft.lscable.cms.controller.HTBackendRestController.updateCMSSiteRoot(int,com.i52soft.lscable.cms.domain.CMSSiteVO)
2018-05-18 12:34:23.008 [main] INFO  o.s.w.s.m.m.a.RequestMappingHandlerMapping - Mapped "{[/api/htbackend/updateMainPageLayout/{id}],methods=[POST]}" onto public com.i52soft.lscable.cms.domain.MainPageLayoutVO com.i52soft.lscable.cms.controller.HTBackendRestController.updateMainPageLayout(int,com.i52soft.lscable.cms.domain.MainPageLayoutVO)
2018-05-18 12:34:23.008 [main] INFO  o.s.w.s.m.m.a.RequestMappingHandlerMapping - Mapped "{[/api/htbackend/getSystemGroup],methods=[GET]}" onto public java.util.List<java.util.HashMap> com.i52soft.lscable.cms.controller.HTBackendRestController.getSystemGroup()
2018-05-18 12:34:23.008 [main] INFO  o.s.w.s.m.m.a.RequestMappingHandlerMapping - Mapped "{[/api/htbackend/getAvailableNodeTypeAsChild/{nodetype} || /api/htbackend/getAvailableNodeTypeAsChild/ || /api/htbackend/getAvailableNodeTypeAsChild],methods=[GET]}" onto public java.util.List<java.util.HashMap> com.i52soft.lscable.cms.controller.HTBackendRestController.getAvailableNodeTypeAsChild(java.lang.Integer)
2018-05-18 12:34:23.008 [main] INFO  o.s.w.s.m.m.a.RequestMappingHandlerMapping - Mapped "{[/api/htbackend/getProductByType/{type}],methods=[GET]}" onto public java.util.List<java.util.HashMap> com.i52soft.lscable.cms.controller.HTBackendRestController.getProductByType(int)
2018-05-18 12:34:23.009 [main] INFO  o.s.w.s.m.m.a.RequestMappingHandlerMapping - Mapped "{[/api/htbackend/deleteMapWidget/{id}],methods=[GET]}" onto public int com.i52soft.lscable.cms.controller.HTBackendRestController.deleteMapWidget(int)
2018-05-18 12:34:23.009 [main] INFO  o.s.w.s.m.m.a.RequestMappingHandlerMapping - Mapped "{[/api/htbackend/getProductTree],methods=[GET]}" onto public java.lang.String com.i52soft.lscable.cms.controller.HTBackendRestController.getProductTree()
2018-05-18 12:34:23.009 [main] INFO  o.s.w.s.m.m.a.RequestMappingHandlerMapping - Mapped "{[/api/htbackend/getProductType],methods=[GET]}" onto public java.util.List<java.util.HashMap> com.i52soft.lscable.cms.controller.HTBackendRestController.getProductType()
2018-05-18 12:34:23.009 [main] INFO  o.s.w.s.m.m.a.RequestMappingHandlerMapping - Mapped "{[/htbackend/deleteMainPageLayout/{id}],methods=[GET]}" onto public int com.i52soft.lscable.cms.controller.HTBackendRestController.deleteMainPageLayout(javax.servlet.http.HttpSession,int)
2018-05-18 12:34:23.009 [main] INFO  o.s.w.s.m.m.a.RequestMappingHandlerMapping - Mapped "{[/api/htbackend/registerEndUser],methods=[POST]}" onto public com.i52soft.lscable.cms.domain.EndUserVO com.i52soft.lscable.cms.controller.HTBackendRestController.registerEndUser(com.i52soft.lscable.cms.domain.EndUserVO)
2018-05-18 12:34:23.010 [main] INFO  o.s.w.s.m.m.a.RequestMappingHandlerMapping - Mapped "{[/api/htbackend/registerSystemUser],methods=[POST]}" onto public com.i52soft.lscable.cms.domain.SystemUserVO com.i52soft.lscable.cms.controller.HTBackendRestController.registerSystemUser(javax.servlet.http.HttpSession,com.i52soft.lscable.cms.domain.SystemUserVO)
2018-05-18 12:34:23.010 [main] INFO  o.s.w.s.m.m.a.RequestMappingHandlerMapping - Mapped "{[/htbackend/createMainPageLayout],methods=[POST]}" onto public com.i52soft.lscable.cms.domain.MainPageLayoutVO com.i52soft.lscable.cms.controller.HTBackendRestController.createMainPageLayout(javax.servlet.http.HttpSession,com.i52soft.lscable.cms.domain.MainPageLayoutVO)
2018-05-18 12:34:23.010 [main] INFO  o.s.w.s.m.m.a.RequestMappingHandlerMapping - Mapped "{[/api/htbackend/getCMSSiteBySiteID/{siteid}],methods=[GET]}" onto public java.util.List<java.util.HashMap> com.i52soft.lscable.cms.controller.HTBackendRestController.getCMSSiteBySiteID(int)
2018-05-18 12:34:23.010 [main] INFO  o.s.w.s.m.m.a.RequestMappingHandlerMapping - Mapped "{[/api/htbackend/getAvailableSystemUser2],methods=[GET]}" onto public java.util.List<java.util.HashMap> com.i52soft.lscable.cms.controller.HTBackendRestController.getAvailableSystemUser2(java.lang.Integer)
2018-05-18 12:34:23.010 [main] INFO  o.s.w.s.m.m.a.RequestMappingHandlerMapping - Mapped "{[/api/htbackend/checkDandDAvailability/{nodeid}/{portname}],methods=[GET]}" onto public java.util.List<java.util.HashMap> com.i52soft.lscable.cms.controller.HTBackendRestController.checkDandDAvailability(int,java.lang.String)
2018-05-18 12:34:23.011 [main] INFO  o.s.w.s.m.m.a.RequestMappingHandlerMapping - Mapped "{[/api/htbackend/getChildrensDirectStatus/{nodeid}],methods=[GET]}" onto public java.util.List<java.util.HashMap> com.i52soft.lscable.cms.controller.HTBackendRestController.getChildrensDirectStatus(int)
2018-05-18 12:34:23.011 [main] INFO  o.s.w.s.m.m.a.RequestMappingHandlerMapping - Mapped "{[/api/htbackend/removeAuthorizedSystemUser2],methods=[GET]}" onto public int com.i52soft.lscable.cms.controller.HTBackendRestController.removeAuthorizedSystemUser2(java.lang.Integer,java.lang.Integer)
2018-05-18 12:34:23.011 [main] INFO  o.s.w.s.m.m.a.RequestMappingHandlerMapping - Mapped "{[/api/htbackend/getAvailableLayoutTheme],methods=[GET]}" onto public java.util.List<java.util.HashMap> com.i52soft.lscable.cms.controller.HTBackendRestController.getAvailableLayoutTheme()
2018-05-18 12:34:23.011 [main] INFO  o.s.w.s.m.m.a.RequestMappingHandlerMapping - Mapped "{[/htbackend/setToDefaultMainPageLayout/{mainpageid}],methods=[GET]}" onto public int com.i52soft.lscable.cms.controller.HTBackendRestController.setToDefaultMainPageLayout(javax.servlet.http.HttpSession,int)
2018-05-18 12:34:23.011 [main] INFO  o.s.w.s.m.m.a.RequestMappingHandlerMapping - Mapped "{[/api/htbackend/getOutletPortStatus/{nodeid}],methods=[GET]}" onto public java.util.List<java.util.HashMap> com.i52soft.lscable.cms.controller.HTBackendRestController.getOutletPortStatus(int)
2018-05-18 12:34:23.012 [main] INFO  o.s.w.s.m.m.a.RequestMappingHandlerMapping - Mapped "{[/api/htbackend/searchCMSEntity],methods=[GET]}" onto public java.util.List<java.util.HashMap> com.i52soft.lscable.cms.controller.HTBackendRestController.searchCMSEntity(java.lang.String,java.lang.Integer)
2018-05-18 12:34:23.012 [main] INFO  o.s.w.s.m.m.a.RequestMappingHandlerMapping - Mapped "{[/api/htbackend/saveSiteTreeNodeDetail/{nodeid} || /api/htbackend/saveSiteTreeNodeDetail/ || /api/htbackend/saveSiteTreeNodeDetail],methods=[POST]}" onto public com.i52soft.lscable.cms.domain.SiteTreeNodeVO com.i52soft.lscable.cms.controller.HTBackendRestController.saveSiteTreeNodeDetail(java.lang.Integer,com.i52soft.lscable.cms.domain.SiteTreeNodeVO)
2018-05-18 12:34:23.012 [main] INFO  o.s.w.s.m.m.a.RequestMappingHandlerMapping - Mapped "{[/api/htbackend/deleteIPAddress/{ipid}],methods=[GET]}" onto public int com.i52soft.lscable.cms.controller.HTBackendRestController.deleteIPAddress(int)
2018-05-18 12:34:23.012 [main] INFO  o.s.w.s.m.m.a.RequestMappingHandlerMapping - Mapped "{[/api/htbackend/getOutletUsageHistory/{nodeid}],methods=[GET]}" onto public java.util.List<java.util.HashMap> com.i52soft.lscable.cms.controller.HTBackendRestController.getOutletUsageHistory(int,java.lang.String)
2018-05-18 12:34:23.013 [main] INFO  o.s.w.s.m.m.a.RequestMappingHandlerMapping - Mapped "{[/api/htbackend/getAvailableSystemUser],methods=[GET]}" onto public java.util.List<java.util.HashMap> com.i52soft.lscable.cms.controller.HTBackendRestController.getAvailableSystemUser(java.lang.Integer)
2018-05-18 12:34:23.013 [main] INFO  o.s.w.s.m.m.a.RequestMappingHandlerMapping - Mapped "{[/api/htbackend/getAlarmStatus/{nodeid}],methods=[GET]}" onto public java.util.List<java.util.HashMap> com.i52soft.lscable.cms.controller.HTBackendRestController.getAlarmStatus(int)
2018-05-18 12:34:23.013 [main] INFO  o.s.w.s.m.m.a.RequestMappingHandlerMapping - Mapped "{[/api/htbackend/updateIPAddress/{ipid}],methods=[POST]}" onto public java.util.HashMap com.i52soft.lscable.cms.controller.HTBackendRestController.updateIPAddress(int,java.util.HashMap)
2018-05-18 12:34:23.013 [main] INFO  o.s.w.s.m.m.a.RequestMappingHandlerMapping - Mapped "{[/api/htbackend/registerSiteTreeInBulk],methods=[POST]}" onto public java.util.HashMap com.i52soft.lscable.cms.controller.HTBackendRestController.registerSiteTreeInBulk(java.util.HashMap)
2018-05-18 12:34:23.013 [main] INFO  o.s.w.s.m.m.a.RequestMappingHandlerMapping - Mapped "{[/api/htbackend/getConnectionDiagram/{nodeid}],methods=[GET]}" onto public java.util.List<java.util.HashMap> com.i52soft.lscable.cms.controller.HTBackendRestController.getConnectionDiagram(int,java.lang.String)
2018-05-18 12:34:23.014 [main] INFO  o.s.w.s.m.m.a.RequestMappingHandlerMapping - Mapped "{[/api/htbackend/getLinkageConnectionDetail/{nodeid}],methods=[GET]}" onto public java.util.List<java.util.HashMap> com.i52soft.lscable.cms.controller.HTBackendRestController.getLinkageConnectionDetail(int)
2018-05-18 12:34:23.014 [main] INFO  o.s.w.s.m.m.a.RequestMappingHandlerMapping - Mapped "{[/api/htbackend/manageSwitchPort],methods=[GET]}" onto public java.lang.String com.i52soft.lscable.cms.controller.HTBackendRestController.manageSwitchPort(java.util.HashMap<java.lang.String, java.lang.String>)
2018-05-18 12:34:23.014 [main] INFO  o.s.w.s.m.m.a.RequestMappingHandlerMapping - Mapped "{[/api/htbackend/addAuthorizedSystemUser],methods=[GET]}" onto public int com.i52soft.lscable.cms.controller.HTBackendRestController.addAuthorizedSystemUser(java.lang.Integer,java.lang.Integer)
2018-05-18 12:34:23.014 [main] INFO  o.s.w.s.m.m.a.RequestMappingHandlerMapping - Mapped "{[/api/htbackend/addAuthorizedSystemUser2],methods=[GET]}" onto public int com.i52soft.lscable.cms.controller.HTBackendRestController.addAuthorizedSystemUser2(java.lang.Integer,java.lang.Integer)
2018-05-18 12:34:23.015 [main] INFO  o.s.w.s.m.m.a.RequestMappingHandlerMapping - Mapped "{[/api/htbackend/getSiteTreeNodeDetail/{nodeid}],methods=[GET]}" onto public java.util.List<java.util.HashMap> com.i52soft.lscable.cms.controller.HTBackendRestController.getSiteTreeNodeDetail(int)
2018-05-18 12:34:23.015 [main] INFO  o.s.w.s.m.m.a.RequestMappingHandlerMapping - Mapped "{[/api/htbackend/registerNetwork],methods=[POST]}" onto public com.i52soft.lscable.cms.domain.NetworkVO com.i52soft.lscable.cms.controller.HTBackendRestController.registerNetwork(com.i52soft.lscable.cms.domain.NetworkVO)
2018-05-18 12:34:23.015 [main] INFO  o.s.w.s.m.m.a.RequestMappingHandlerMapping - Mapped "{[/api/htbackend/getMainPageLayoutByPageID/{id}],methods=[GET]}" onto public java.util.List<java.util.HashMap> com.i52soft.lscable.cms.controller.HTBackendRestController.getMainPageLayoutByPageID(int)
2018-05-18 12:34:23.015 [main] INFO  o.s.w.s.m.m.a.RequestMappingHandlerMapping - Mapped "{[/api/htbackend/saveMainPageLayoutDetail/{mainpageid}],methods=[POST]}" onto public int com.i52soft.lscable.cms.controller.HTBackendRestController.saveMainPageLayoutDetail(int,java.util.HashMap)
2018-05-18 12:34:23.015 [main] INFO  o.s.w.s.m.m.a.RequestMappingHandlerMapping - Mapped "{[/api/htbackend/getChildrensAlarmStatus/{nodeid}],methods=[GET]}" onto public java.util.List<java.util.HashMap> com.i52soft.lscable.cms.controller.HTBackendRestController.getChildrensAlarmStatus(int)
2018-05-18 12:34:23.016 [main] INFO  o.s.w.s.m.m.a.RequestMappingHandlerMapping - Mapped "{[/api/htbackend/getUsageHistory],methods=[GET]}" onto public java.util.List<java.util.HashMap> com.i52soft.lscable.cms.controller.HTBackendRestController.getUsageHistory(java.lang.String)
2018-05-18 12:34:23.016 [main] INFO  o.s.w.s.m.m.a.RequestMappingHandlerMapping - Mapped "{[/api/htbackend/saveLinkageConnectionDetail],methods=[POST]}" onto public com.i52soft.lscable.cms.domain.LinkageConnectionVO com.i52soft.lscable.cms.controller.HTBackendRestController.saveLinkageConnectionDetail(com.i52soft.lscable.cms.domain.LinkageConnectionVO)
2018-05-18 12:34:23.016 [main] INFO  o.s.w.s.m.m.a.RequestMappingHandlerMapping - Mapped "{[/api/htbackend/removeLinkageConnection/{linkageid}],methods=[GET]}" onto public void com.i52soft.lscable.cms.controller.HTBackendRestController.removeLinkageConnection(int)
2018-05-18 12:34:23.016 [main] INFO  o.s.w.s.m.m.a.RequestMappingHandlerMapping - Mapped "{[/api/htbackend/deleteNetwork/{networkid}],methods=[GET]}" onto public int com.i52soft.lscable.cms.controller.HTBackendRestController.deleteNetwork(int)
2018-05-18 12:34:23.016 [main] INFO  o.s.w.s.m.m.a.RequestMappingHandlerMapping - Mapped "{[/api/htbackend/updateNetwork/{networkid}],methods=[POST]}" onto public com.i52soft.lscable.cms.domain.NetworkVO com.i52soft.lscable.cms.controller.HTBackendRestController.updateNetwork(int,com.i52soft.lscable.cms.domain.NetworkVO)
2018-05-18 12:34:23.016 [main] INFO  o.s.w.s.m.m.a.RequestMappingHandlerMapping - Mapped "{[/api/htbackend/changeSiteTreeParentNode],methods=[POST]}" onto public com.i52soft.lscable.cms.domain.SiteTreeVO com.i52soft.lscable.cms.controller.HTBackendRestController.changeSiteTreeParentNode(com.i52soft.lscable.cms.domain.SiteTreeVO)
2018-05-18 12:34:23.017 [main] INFO  o.s.w.s.m.m.a.RequestMappingHandlerMapping - Mapped "{[/api/htbackend/getConnectionDiagramIPAM],methods=[GET]}" onto public java.util.List<java.util.HashMap> com.i52soft.lscable.cms.controller.HTBackendRestController.getConnectionDiagramIPAM(java.lang.String)
2018-05-18 12:34:23.017 [main] INFO  o.s.w.s.m.m.a.RequestMappingHandlerMapping - Mapped "{[/api/htbackend/getConnectionDiagramOutlet/{nodeid}],methods=[GET]}" onto public java.util.List<java.util.HashMap> com.i52soft.lscable.cms.controller.HTBackendRestController.getConnectionDiagramOutlet(int)
2018-05-18 12:34:23.017 [main] INFO  o.s.w.s.m.m.a.RequestMappingHandlerMapping - Mapped "{[/api/htbackend/getNetworkNodePortStatus/{nodeid}],methods=[GET]}" onto public java.util.List<java.util.HashMap> com.i52soft.lscable.cms.controller.HTBackendRestController.getNetworkNodePortStatus(int)
2018-05-18 12:34:23.017 [main] INFO  o.s.w.s.m.m.a.RequestMappingHandlerMapping - Mapped "{[/htbackend/searchIPTerminal],methods=[GET]}" onto public java.util.List<java.util.HashMap> com.i52soft.lscable.cms.controller.HTBackendRestController.searchIPTerminal(javax.servlet.http.HttpSession,java.lang.String)
2018-05-18 12:34:23.018 [main] INFO  o.s.w.s.m.m.a.RequestMappingHandlerMapping - Mapped "{[/api/htbackend/removeAuthorizedSystemUser],methods=[GET]}" onto public int com.i52soft.lscable.cms.controller.HTBackendRestController.removeAuthorizedSystemUser(java.lang.Integer,java.lang.Integer)
2018-05-18 12:34:23.018 [main] INFO  o.s.w.s.m.m.a.RequestMappingHandlerMapping - Mapped "{[/api/htbackend/registerIPAddress],methods=[POST]}" onto public java.util.HashMap com.i52soft.lscable.cms.controller.HTBackendRestController.registerIPAddress(java.util.HashMap)
2018-05-18 12:34:23.018 [main] INFO  o.s.w.s.m.m.a.RequestMappingHandlerMapping - Mapped "{[/api/htbackend/getAvailableDataProvider/{widgettype_id}],methods=[GET]}" onto public java.util.List<java.util.HashMap> com.i52soft.lscable.cms.controller.HTBackendRestController.getAvailableDataProvider(int)
2018-05-18 12:34:23.018 [main] INFO  o.s.w.s.m.m.a.RequestMappingHandlerMapping - Mapped "{[/api/htbackend/getCompatibleWidgetForLayout],methods=[GET]}" onto public java.util.List<java.util.HashMap> com.i52soft.lscable.cms.controller.HTBackendRestController.getCompatibleWidgetForLayout(java.util.HashMap<java.lang.String, java.lang.String>)
2018-05-18 12:34:23.018 [main] INFO  o.s.w.s.m.m.a.RequestMappingHandlerMapping - Mapped "{[/api/htbackend/resetMainPageWidget/{widgetid}],methods=[GET]}" onto public int com.i52soft.lscable.cms.controller.HTBackendRestController.resetMainPageWidget(int,int)
2018-05-18 12:34:23.019 [main] INFO  o.s.w.s.m.m.a.RequestMappingHandlerMapping - Mapped "{[/api/htbackend/getLinkageImageForType/{typeid}],methods=[GET]}" onto public java.lang.String com.i52soft.lscable.cms.controller.HTBackendRestController.getLinkageImageForType(int)
2018-05-18 12:34:23.019 [main] INFO  o.s.w.s.m.m.a.RequestMappingHandlerMapping - Mapped "{[/api/htbackend/openCMSViewer],methods=[GET]}" onto public void com.i52soft.lscable.cms.controller.HTBackendRestController.openCMSViewer(javax.servlet.http.HttpServletResponse,java.lang.String) throws java.io.IOException
2018-05-18 12:34:23.019 [main] INFO  o.s.w.s.m.m.a.RequestMappingHandlerMapping - Mapped "{[/api/htbackend/getAvailableFloorMapImg],methods=[GET]}" onto public java.util.List<java.util.HashMap> com.i52soft.lscable.cms.controller.HTBackendRestController.getAvailableFloorMapImg()
2018-05-18 12:34:23.020 [main] INFO  o.s.w.s.m.m.a.RequestMappingHandlerMapping - Mapped "{[/api/htbackend/saveMainPageWidget],methods=[POST]}" onto public com.i52soft.lscable.cms.domain.ChartWidgetVO com.i52soft.lscable.cms.controller.HTBackendRestController.saveMainPageWidget(com.i52soft.lscable.cms.domain.ChartWidgetVO)
2018-05-18 12:34:23.021 [main] INFO  o.s.w.s.m.m.a.RequestMappingHandlerMapping - Mapped "{[/api/getWidgetDataAPI/{provider_name}],methods=[GET]}" onto public java.lang.String com.i52soft.lscable.cms.controller.WidgetDataProviderRestController.getWidgetDataAPI(javax.servlet.http.HttpSession,java.lang.String,java.lang.String)
2018-05-18 12:34:23.028 [main] INFO  o.s.w.s.m.m.a.RequestMappingHandlerMapping - Mapped "{[/error]}" onto public org.springframework.http.ResponseEntity<java.util.Map<java.lang.String, java.lang.Object>> org.springframework.boot.autoconfigure.web.BasicErrorController.error(javax.servlet.http.HttpServletRequest)
2018-05-18 12:34:23.029 [main] INFO  o.s.w.s.m.m.a.RequestMappingHandlerMapping - Mapped "{[/error],produces=[text/html]}" onto public org.springframework.web.servlet.ModelAndView org.springframework.boot.autoconfigure.web.BasicErrorController.errorHtml(javax.servlet.http.HttpServletRequest,javax.servlet.http.HttpServletResponse)
2018-05-18 12:34:23.066 [main] INFO  o.s.w.s.h.SimpleUrlHandlerMapping - Mapped URL path [/error/404.html] onto handler of type [class org.springframework.web.servlet.mvc.ParameterizableViewController]
2018-05-18 12:34:23.066 [main] INFO  o.s.w.s.h.SimpleUrlHandlerMapping - Mapped URL path [/error/505.html] onto handler of type [class org.springframework.web.servlet.mvc.ParameterizableViewController]
2018-05-18 12:34:23.079 [main] INFO  o.s.w.s.h.SimpleUrlHandlerMapping - Mapped URL path [/resources/**] onto handler of type [class org.springframework.web.servlet.resource.ResourceHttpRequestHandler]
2018-05-18 12:34:23.079 [main] INFO  o.s.w.s.h.SimpleUrlHandlerMapping - Mapped URL path [/webjars/**] onto handler of type [class org.springframework.web.servlet.resource.ResourceHttpRequestHandler]
2018-05-18 12:34:23.079 [main] INFO  o.s.w.s.h.SimpleUrlHandlerMapping - Mapped URL path [/**] onto handler of type [class org.springframework.web.servlet.resource.ResourceHttpRequestHandler]
2018-05-18 12:34:23.083 [main] INFO  o.s.w.s.h.SimpleUrlHandlerMapping - Mapped URL path [/**] onto handler of type [class org.springframework.web.servlet.resource.DefaultServletHttpRequestHandler]
2018-05-18 12:34:23.138 [main] INFO  o.s.w.s.h.SimpleUrlHandlerMapping - Mapped URL path [/**/favicon.ico] onto handler of type [class org.springframework.web.servlet.resource.ResourceHttpRequestHandler]
2018-05-18 12:34:24.312 [localhost-startStop-1] INFO  o.s.web.context.ContextLoader - Root WebApplicationContext: initialization completed in 177 ms
2018-05-18 12:34:24.392 [main] INFO  o.s.w.s.m.m.a.RequestMappingHandlerMapping - Mapped "{[/error]}" onto public java.util.Map<java.lang.String, java.lang.Object> org.springframework.boot.actuate.endpoint.mvc.ManagementErrorEndpoint.invoke()
2018-05-18 12:34:24.394 [main] INFO  o.s.w.s.h.SimpleUrlHandlerMapping - Mapped URL path [/error/404.html] onto handler of type [class org.springframework.web.servlet.mvc.ParameterizableViewController]
2018-05-18 12:34:24.394 [main] INFO  o.s.w.s.h.SimpleUrlHandlerMapping - Mapped URL path [/error/505.html] onto handler of type [class org.springframework.web.servlet.mvc.ParameterizableViewController]
2018-05-18 12:34:24.401 [main] INFO  o.s.w.s.h.SimpleUrlHandlerMapping - Mapped URL path [/resources/**] onto handler of type [class org.springframework.web.servlet.resource.ResourceHttpRequestHandler]
2018-05-18 12:34:24.401 [main] INFO  o.s.w.s.h.SimpleUrlHandlerMapping - Mapped URL path [/webjars/**] onto handler of type [class org.springframework.web.servlet.resource.ResourceHttpRequestHandler]
2018-05-18 12:34:24.401 [main] INFO  o.s.w.s.h.SimpleUrlHandlerMapping - Mapped URL path [/**] onto handler of type [class org.springframework.web.servlet.resource.ResourceHttpRequestHandler]
2018-05-18 12:34:24.402 [main] INFO  o.s.w.s.h.SimpleUrlHandlerMapping - Mapped URL path [/**] onto handler of type [class org.springframework.web.servlet.resource.DefaultServletHttpRequestHandler]
2018-05-18 12:34:24.439 [main] INFO  o.s.w.s.m.m.a.RequestMappingHandlerAdapter - Looking for @ControllerAdvice: org.springframework.boot.context.embedded.AnnotationConfigEmbeddedWebApplicationContext@778d982a: startup date [Fri May 18 12:34:24 KST 2018]; parent: org.springframework.boot.context.embedded.AnnotationConfigEmbeddedWebApplicationContext@717e38e5
2018-05-18 12:34:24.578 [main] INFO  c.i.lscable.cms.App$MyAppRunner - serverMac MAC address : 98-22-EF-5C-80-67
2018-05-18 12:34:24.677 [main] INFO  c.i.lscable.cms.App$MyAppRunner - Current MAC address : 
2018-05-18 12:34:24.678 [main] INFO  c.i.lscable.cms.App$MyAppRunner - Current MAC address : 98-22-EF-5C-80-68
2018-05-18 12:34:24.681 [main] INFO  c.i.lscable.cms.App$MyAppRunner - Current MAC address : 9A-22-EF-5C-80-67
2018-05-18 12:34:24.684 [main] INFO  c.i.lscable.cms.App$MyAppRunner - Current MAC address : AA-22-EF-5C-80-67
2018-05-18 12:34:24.686 [main] INFO  c.i.lscable.cms.App$MyAppRunner - Current MAC address : 00-FF-6C-04-06-C3
2018-05-18 12:34:24.689 [main] INFO  c.i.lscable.cms.App$MyAppRunner - Current MAC address : D8-C4-97-2F-FE-96
2018-05-18 12:34:24.691 [main] INFO  c.i.lscable.cms.App$MyAppRunner - Current MAC address : 98-22-EF-5C-80-67
2018-05-18 12:34:24.774 [main] ERROR o.s.boot.SpringApplication - Application startup failed
java.lang.IllegalStateException: Failed to execute ApplicationRunner
	at org.springframework.boot.SpringApplication.callRunner(SpringApplication.java:795)
	at org.springframework.boot.SpringApplication.callRunners(SpringApplication.java:782)
	at org.springframework.boot.SpringApplication.afterRefresh(SpringApplication.java:772)
	at org.springframework.boot.SpringApplication.run(SpringApplication.java:317)
	at org.springframework.boot.SpringApplication.run(SpringApplication.java:1187)
	at org.springframework.boot.SpringApplication.run(SpringApplication.java:1176)
	at com.i52soft.lscable.cms.App.main(App.java:259)
Caused by: java.lang.NullPointerException: null
	at com.i52soft.lscable.cms.App$MyAppRunner.run(App.java:224)
	at org.springframework.boot.SpringApplication.callRunner(SpringApplication.java:792)
	... 6 common frames omitted
